Unity Editor version:    2022.3.12f1 (4fe6e059c7ef)
Branch:                  2022.3/release
Build type:              Release
Batch mode:              YES
macOS version:           Version 14.1.1 (Build 23B81)
Darwin version:          23.1.0
Architecture:            x86_64
Running under Rosetta:   NO
Available memory:        32768 MB
Using pre-set license
Pro License: YES

COMMAND LINE ARGUMENTS:
/Applications/Unity/Hub/Editor/2022.3.12f1/Unity.app/Contents/MacOS/Unity
-adb2
-batchMode
-noUpm
-name
AssetImportWorker0
-projectPath
/Users/shoin/Unity/IkinokoBattle
-logFile
Logs/AssetImportWorker0.log
-srvPort
64841
Successfully changed project path to: /Users/shoin/Unity/IkinokoBattle
/Users/shoin/Unity/IkinokoBattle
[UnityMemory] Configuration Parameters - Can be set up in boot.config
    "memorysetup-bucket-allocator-granularity=16"
    "memorysetup-bucket-allocator-bucket-count=8"
    "memorysetup-bucket-allocator-block-size=33554432"
    "memorysetup-bucket-allocator-block-count=8"
    "memorysetup-main-allocator-block-size=16777216"
    "memorysetup-thread-allocator-block-size=16777216"
    "memorysetup-gfx-main-allocator-block-size=16777216"
    "memorysetup-gfx-thread-allocator-block-size=16777216"
    "memorysetup-cache-allocator-block-size=4194304"
    "memorysetup-typetree-allocator-block-size=2097152"
    "memorysetup-profiler-bucket-allocator-granularity=16"
    "memorysetup-profiler-bucket-allocator-bucket-count=8"
    "memorysetup-profiler-bucket-allocator-block-size=33554432"
    "memorysetup-profiler-bucket-allocator-block-count=8"
    "memorysetup-profiler-allocator-block-size=16777216"
    "memorysetup-profiler-editor-allocator-block-size=1048576"
    "memorysetup-temp-allocator-size-main=16777216"
    "memorysetup-job-temp-allocator-block-size=2097152"
    "memorysetup-job-temp-allocator-block-size-background=1048576"
    "memorysetup-job-temp-allocator-reduction-small-platforms=262144"
    "memorysetup-allocator-temp-initial-block-size-main=262144"
    "memorysetup-allocator-temp-initial-block-size-worker=262144"
    "memorysetup-temp-allocator-size-background-worker=32768"
    "memorysetup-temp-allocator-size-job-worker=262144"
    "memorysetup-temp-allocator-size-preload-manager=33554432"
    "memorysetup-temp-allocator-size-nav-mesh-worker=65536"
    "memorysetup-temp-allocator-size-audio-worker=65536"
    "memorysetup-temp-allocator-size-cloud-worker=32768"
    "memorysetup-temp-allocator-size-gi-baking-worker=262144"
    "memorysetup-temp-allocator-size-gfx=262144"
Player connection [140704658000704] Host "[IP] 192.168.2.140 [Port] 0 [Flags] 2 [Guid] 3615660980 [EditorId] 3615660980 [Version] 1048832 [Id] OSXEditor(0,nishiharanoMacBook-Pro.local) [Debug] 1 [PackageName] OSXEditor [ProjectName] Editor" joined multi-casting on [225.0.0.222:54997]...

Player connection [140704658000704] Host "[IP] 192.168.2.140 [Port] 0 [Flags] 2 [Guid] 3615660980 [EditorId] 3615660980 [Version] 1048832 [Id] OSXEditor(0,nishiharanoMacBook-Pro.local) [Debug] 1 [PackageName] OSXEditor [ProjectName] Editor" joined alternative multi-casting on [225.0.0.222:34997]...

[Physics::Module] Initialized MultithreadedJobDispatcher with 15 workers.
Refreshing native plugins compatible for Editor in 8.90 ms, found 2 plugins.
Preloading 0 native plugins for Editor in 0.00 ms.
Initialize engine version: 2022.3.12f1 (4fe6e059c7ef)
[Subsystems] Discovering subsystems at path /Applications/Unity/Hub/Editor/2022.3.12f1/Unity.app/Contents/Resources/UnitySubsystems
[Subsystems] Discovering subsystems at path /Users/shoin/Unity/IkinokoBattle/Assets
GfxDevice: creating device client; threaded=0; jobified=0
Color LCD preferred device: AMD Radeon Pro 5500M (high power)
Metal devices available: 2
0: AMD Radeon Pro 5500M (high power)
1: Intel(R) UHD Graphics 630 (low power)
Using device AMD Radeon Pro 5500M (high power)
Initializing Metal device caps: AMD Radeon Pro 5500M
Initialize mono
Mono path[0] = '/Applications/Unity/Hub/Editor/2022.3.12f1/Unity.app/Contents/Managed'
Mono path[1] = '/Applications/Unity/Hub/Editor/2022.3.12f1/Unity.app/Contents/MonoBleedingEdge/lib/mono/unityjit-macos'
Mono config path = '/Applications/Unity/Hub/Editor/2022.3.12f1/Unity.app/Contents/MonoBleedingEdge/etc'
Using monoOptions --debugger-agent=transport=dt_socket,embedding=1,server=y,suspend=n,address=127.0.0.1:56358
Begin MonoManager ReloadAssembly
Registering precompiled unity dll's ...
Register platform support module: /Applications/Unity/Hub/Editor/2022.3.12f1/PlaybackEngines/WebGLSupport/UnityEditor.WebGL.Extensions.dll
Register platform support module: /Applications/Unity/Hub/Editor/2022.3.12f1/Unity.app/Contents/PlaybackEngines/MacStandaloneSupport/UnityEditor.OSXStandalone.Extensions.dll
Register platform support module: /Applications/Unity/Hub/Editor/2022.3.12f1/PlaybackEngines/WindowsStandaloneSupport/UnityEditor.WindowsStandalone.Extensions.dll
Registered in 0.005031 seconds.
- Loaded All Assemblies, in  0.630 seconds
Native extension for WindowsStandalone target not found
Native extension for OSXStandalone target not found
Native extension for WebGL target not found
Mono: successfully reloaded assembly
- Finished resetting the current domain, in  0.460 seconds
Domain Reload Profiling: 1090ms
	BeginReloadAssembly (152ms)
		ExecutionOrderSort (0ms)
		DisableScriptedObjects (0ms)
		BackupInstance (0ms)
		ReleaseScriptingObjects (0ms)
		CreateAndSetChildDomain (1ms)
	RebuildCommonClasses (66ms)
	RebuildNativeTypeToScriptingClass (20ms)
	initialDomainReloadingComplete (92ms)
	LoadAllAssembliesAndSetupDomain (300ms)
		LoadAssemblies (152ms)
		RebuildTransferFunctionScriptingTraits (0ms)
		AnalyzeDomain (297ms)
			TypeCache.Refresh (293ms)
				TypeCache.ScanAssembly (270ms)
			ScanForSourceGeneratedMonoScriptInfo (1ms)
			ResolveRequiredComponents (1ms)
	FinalizeReload (461ms)
		ReleaseScriptCaches (0ms)
		RebuildScriptCaches (0ms)
		SetupLoadedEditorAssemblies (349ms)
			LogAssemblyErrors (0ms)
			InitializePlatformSupportModulesInManaged (15ms)
			SetLoadedEditorAssemblies (10ms)
			RefreshPlugins (0ms)
			BeforeProcessingInitializeOnLoad (4ms)
			ProcessInitializeOnLoadAttributes (240ms)
			ProcessInitializeOnLoadMethodAttributes (81ms)
			AfterProcessingInitializeOnLoad (0ms)
			EditorAssembliesLoaded (0ms)
		ExecutionOrderSort2 (0ms)
		AwakeInstancesAfterBackupRestoration (0ms)
========================================================================
Worker process is ready to serve import requests
Begin MonoManager ReloadAssembly
- Loaded All Assemblies, in  1.059 seconds
Refreshing native plugins compatible for Editor in 1.86 ms, found 2 plugins.
Native extension for WindowsStandalone target not found
Native extension for OSXStandalone target not found
Native extension for WebGL target not found
Package Manager log level set to [2]
[Package Manager] Server::EnsureServerProcessIsRunning -- launch failed, reason: Unity was launched with the -noUpm command-line argument
[Package Manager] UpmClient::Send -- Unable to send message (not connected to UPM process).
[Package Manager] Cannot connect to Unity Package Manager local server
Mono: successfully reloaded assembly
- Finished resetting the current domain, in  1.065 seconds
Domain Reload Profiling: 2125ms
	BeginReloadAssembly (219ms)
		ExecutionOrderSort (0ms)
		DisableScriptedObjects (10ms)
		BackupInstance (0ms)
		ReleaseScriptingObjects (0ms)
		CreateAndSetChildDomain (41ms)
	RebuildCommonClasses (66ms)
	RebuildNativeTypeToScriptingClass (20ms)
	initialDomainReloadingComplete (65ms)
	LoadAllAssembliesAndSetupDomain (689ms)
		LoadAssemblies (449ms)
		RebuildTransferFunctionScriptingTraits (0ms)
		AnalyzeDomain (345ms)
			TypeCache.Refresh (304ms)
				TypeCache.ScanAssembly (278ms)
			ScanForSourceGeneratedMonoScriptInfo (27ms)
			ResolveRequiredComponents (11ms)
	FinalizeReload (1065ms)
		ReleaseScriptCaches (0ms)
		RebuildScriptCaches (0ms)
		SetupLoadedEditorAssemblies (768ms)
			LogAssemblyErrors (0ms)
			InitializePlatformSupportModulesInManaged (10ms)
			SetLoadedEditorAssemblies (7ms)
			RefreshPlugins (0ms)
			BeforeProcessingInitializeOnLoad (87ms)
			ProcessInitializeOnLoadAttributes (630ms)
			ProcessInitializeOnLoadMethodAttributes (31ms)
			AfterProcessingInitializeOnLoad (2ms)
			EditorAssembliesLoaded (0ms)
		ExecutionOrderSort2 (0ms)
		AwakeInstancesAfterBackupRestoration (7ms)
Launching external process: /Applications/Unity/Hub/Editor/2022.3.12f1/Unity.app/Contents/Tools/UnityShaderCompiler
Launched and connected shader compiler UnityShaderCompiler after 0.11 seconds
Refreshing native plugins compatible for Editor in 2.09 ms, found 2 plugins.
Preloading 0 native plugins for Editor in 0.00 ms.
Unloading 3436 Unused Serialized files (Serialized files now loaded: 0)
Unloading 50 unused Assets / (453.7 KB). Loaded Objects now: 3920.
Memory consumption went from 192.9 MB to 192.5 MB.
Total: 5.290760 ms (FindLiveObjects: 0.333766 ms CreateObjectMapping: 0.333027 ms MarkObjects: 4.357015 ms  DeleteObjects: 0.265583 ms)

AssetImportParameters requested are different than current active one (requested -> active):
  custom:container-demuxer-ogg: 62fdf1f143b41e24485cea50d1cbac27 -> 
  custom:video-decoder-ogg-theora: a1e56fd34408186e4bbccfd4996cb3dc -> 
  custom:CustomObjectIndexerAttribute: 756ad292c208cfabdd7b50bc23989ffe -> 
  custom:container-demuxer-webm: 4f35f7cbe854078d1ac9338744f61a02 -> 
  custom:container-muxer-webm: aa71ff27fc2769a1b78a27578f13a17b -> 
  custom:video-decoder-webm-vp8: 9c59270c3fd7afecdb556c50c9e8de78 -> 
  custom:SearchIndexIgnoredProperties: e643bd26f0fe6173181afceb89e7c659 -> 
  custom:AudioImporter_EditorPlatform: 3918e3fc78b5a79bad01e8451be0beb8 -> 
  custom:framework-osx-AVFoundation: e770b220cccbd017edd2c1fefb359320 -> 
  custom:video-encoder-webm-vp8: eb34c28f22e8b96e1ab97ce403110664 -> 
  custom:audio-decoder-ogg-vorbis: bf7c407c2cedff20999df2af8eb42d56 -> 
  custom:audio-encoder-webm-vorbis: bf7c407c2cedff20999df2af8eb42d56 -> 
========================================================================
Received Import Request.
  Time since last request: 308968.495606 seconds.
  path: Assets/IkinokoBattle/Prefabs
  artifactKey: Guid(2d1eef9cd28c641a0a6abb1ff24b076a) Importer(815301076,1909f56bfc062723c751e8b465ee728b)
Start importing Assets/IkinokoBattle/Prefabs using Guid(2d1eef9cd28c641a0a6abb1ff24b076a) Importer(815301076,1909f56bfc062723c751e8b465ee728b)  -> (artifact id: 'b00cdd99bcee0652c4e358a55d3e7d1b') in 0.002734 seconds
Number of updated asset objects reloaded before import = 0
Number of asset objects unloaded after import = 0
========================================================================
Received Import Request.
  Time since last request: 17.906753 seconds.
  path: Assets/IkinokoBattle/Prefabs/Slime_Green.prefab
  artifactKey: Guid(18c5a31ae6eeb4073913ee8baaa5fe09) Importer(815301076,1909f56bfc062723c751e8b465ee728b)
Start importing Assets/IkinokoBattle/Prefabs/Slime_Green.prefab using Guid(18c5a31ae6eeb4073913ee8baaa5fe09) Importer(815301076,1909f56bfc062723c751e8b465ee728b)  -> (artifact id: 'cea187c65d31c9f31f7333a89061b86a') in 0.178808 seconds
Number of updated asset objects reloaded before import = 0
Number of asset objects unloaded after import = 66
========================================================================
Received Import Request.
  Time since last request: 105.428730 seconds.
  path: Assets/IkinokoBattle/Prefabs/Slime_Green.prefab
  artifactKey: Guid(18c5a31ae6eeb4073913ee8baaa5fe09) Importer(815301076,1909f56bfc062723c751e8b465ee728b)
Start importing Assets/IkinokoBattle/Prefabs/Slime_Green.prefab using Guid(18c5a31ae6eeb4073913ee8baaa5fe09) Importer(815301076,1909f56bfc062723c751e8b465ee728b)  -> (artifact id: 'd582d1c5420a354becb5ba9551ec5c3e') in 0.023504 seconds
Number of updated asset objects reloaded before import = 0
Number of asset objects unloaded after import = 66
========================================================================
Received Prepare
Begin MonoManager ReloadAssembly
- Loaded All Assemblies, in  0.651 seconds
Refreshing native plugins compatible for Editor in 2.01 ms, found 2 plugins.
Native extension for WindowsStandalone target not found
Native extension for OSXStandalone target not found
Native extension for WebGL target not found
[Package Manager] Server::EnsureServerProcessIsRunning -- launch failed, reason: Unity was launched with the -noUpm command-line argument
[Package Manager] UpmClient::Send -- Unable to send message (not connected to UPM process).
[Package Manager] Cannot connect to Unity Package Manager local server
Mono: successfully reloaded assembly
- Finished resetting the current domain, in  1.224 seconds
Domain Reload Profiling: 1875ms
	BeginReloadAssembly (212ms)
		ExecutionOrderSort (0ms)
		DisableScriptedObjects (8ms)
		BackupInstance (0ms)
		ReleaseScriptingObjects (0ms)
		CreateAndSetChildDomain (68ms)
	RebuildCommonClasses (62ms)
	RebuildNativeTypeToScriptingClass (20ms)
	initialDomainReloadingComplete (38ms)
	LoadAllAssembliesAndSetupDomain (319ms)
		LoadAssemblies (390ms)
		RebuildTransferFunctionScriptingTraits (0ms)
		AnalyzeDomain (24ms)
			TypeCache.Refresh (9ms)
				TypeCache.ScanAssembly (0ms)
			ScanForSourceGeneratedMonoScriptInfo (0ms)
			ResolveRequiredComponents (12ms)
	FinalizeReload (1225ms)
		ReleaseScriptCaches (0ms)
		RebuildScriptCaches (0ms)
		SetupLoadedEditorAssemblies (649ms)
			LogAssemblyErrors (0ms)
			InitializePlatformSupportModulesInManaged (9ms)
			SetLoadedEditorAssemblies (8ms)
			RefreshPlugins (0ms)
			BeforeProcessingInitializeOnLoad (85ms)
			ProcessInitializeOnLoadAttributes (514ms)
			ProcessInitializeOnLoadMethodAttributes (31ms)
			AfterProcessingInitializeOnLoad (2ms)
			EditorAssembliesLoaded (0ms)
		ExecutionOrderSort2 (0ms)
		AwakeInstancesAfterBackupRestoration (6ms)
Refreshing native plugins compatible for Editor in 2.20 ms, found 2 plugins.
Preloading 0 native plugins for Editor in 0.00 ms.
Unloading 3393 Unused Serialized files (Serialized files now loaded: 0)
Unloading 29 unused Assets / (431.4 KB). Loaded Objects now: 3944.
Memory consumption went from 191.4 MB to 191.0 MB.
Total: 4.715319 ms (FindLiveObjects: 0.333860 ms CreateObjectMapping: 0.306823 ms MarkObjects: 3.897431 ms  DeleteObjects: 0.176051 ms)

Prepare: number of updated asset objects reloaded= 0
AssetImportParameters requested are different than current active one (requested -> active):
  custom:container-demuxer-ogg: 62fdf1f143b41e24485cea50d1cbac27 -> 
  custom:video-decoder-ogg-theora: a1e56fd34408186e4bbccfd4996cb3dc -> 
  custom:CustomObjectIndexerAttribute: 756ad292c208cfabdd7b50bc23989ffe -> 
  custom:container-demuxer-webm: 4f35f7cbe854078d1ac9338744f61a02 -> 
  custom:container-muxer-webm: aa71ff27fc2769a1b78a27578f13a17b -> 
  custom:video-decoder-webm-vp8: 9c59270c3fd7afecdb556c50c9e8de78 -> 
  custom:SearchIndexIgnoredProperties: e643bd26f0fe6173181afceb89e7c659 -> 
  custom:AudioImporter_EditorPlatform: 3918e3fc78b5a79bad01e8451be0beb8 -> 
  custom:framework-osx-AVFoundation: e770b220cccbd017edd2c1fefb359320 -> 
  custom:video-encoder-webm-vp8: eb34c28f22e8b96e1ab97ce403110664 -> 
  custom:audio-decoder-ogg-vorbis: bf7c407c2cedff20999df2af8eb42d56 -> 
  custom:audio-encoder-webm-vorbis: bf7c407c2cedff20999df2af8eb42d56 -> 
========================================================================
Received Import Request.
  Time since last request: 149.529880 seconds.
  path: Assets/IkinokoBattle/Scripts/Spawner.cs
  artifactKey: Guid(9cf04e0cf9cc44157bc46c2f417de87e) Importer(815301076,1909f56bfc062723c751e8b465ee728b)
Start importing Assets/IkinokoBattle/Scripts/Spawner.cs using Guid(9cf04e0cf9cc44157bc46c2f417de87e) Importer(815301076,1909f56bfc062723c751e8b465ee728b)  -> (artifact id: 'ed4879aa09cd06687437e491f2cbfeaa') in 0.002319 seconds
Number of updated asset objects reloaded before import = 0
Number of asset objects unloaded after import = 0
========================================================================
Received Prepare
Begin MonoManager ReloadAssembly
- Loaded All Assemblies, in  0.695 seconds
Refreshing native plugins compatible for Editor in 1.97 ms, found 2 plugins.
Native extension for WindowsStandalone target not found
Native extension for OSXStandalone target not found
Native extension for WebGL target not found
[Package Manager] Server::EnsureServerProcessIsRunning -- launch failed, reason: Unity was launched with the -noUpm command-line argument
[Package Manager] UpmClient::Send -- Unable to send message (not connected to UPM process).
[Package Manager] Cannot connect to Unity Package Manager local server
Mono: successfully reloaded assembly
- Finished resetting the current domain, in  1.213 seconds
Domain Reload Profiling: 1907ms
	BeginReloadAssembly (206ms)
		ExecutionOrderSort (0ms)
		DisableScriptedObjects (9ms)
		BackupInstance (0ms)
		ReleaseScriptingObjects (0ms)
		CreateAndSetChildDomain (62ms)
	RebuildCommonClasses (61ms)
	RebuildNativeTypeToScriptingClass (21ms)
	initialDomainReloadingComplete (52ms)
	LoadAllAssembliesAndSetupDomain (354ms)
		LoadAssemblies (404ms)
		RebuildTransferFunctionScriptingTraits (0ms)
		AnalyzeDomain (43ms)
			TypeCache.Refresh (16ms)
				TypeCache.ScanAssembly (3ms)
			ScanForSourceGeneratedMonoScriptInfo (13ms)
			ResolveRequiredComponents (12ms)
	FinalizeReload (1214ms)
		ReleaseScriptCaches (0ms)
		RebuildScriptCaches (0ms)
		SetupLoadedEditorAssemblies (637ms)
			LogAssemblyErrors (0ms)
			InitializePlatformSupportModulesInManaged (9ms)
			SetLoadedEditorAssemblies (8ms)
			RefreshPlugins (0ms)
			BeforeProcessingInitializeOnLoad (87ms)
			ProcessInitializeOnLoadAttributes (501ms)
			ProcessInitializeOnLoadMethodAttributes (30ms)
			AfterProcessingInitializeOnLoad (2ms)
			EditorAssembliesLoaded (0ms)
		ExecutionOrderSort2 (0ms)
		AwakeInstancesAfterBackupRestoration (6ms)
Refreshing native plugins compatible for Editor in 2.22 ms, found 2 plugins.
Preloading 0 native plugins for Editor in 0.00 ms.
Unloading 3394 Unused Serialized files (Serialized files now loaded: 0)
Unloading 29 unused Assets / (431.7 KB). Loaded Objects now: 3960.
Memory consumption went from 196.2 MB to 195.7 MB.
Total: 4.599345 ms (FindLiveObjects: 0.315618 ms CreateObjectMapping: 0.335058 ms MarkObjects: 3.771946 ms  DeleteObjects: 0.175565 ms)

Prepare: number of updated asset objects reloaded= 0
AssetImportParameters requested are different than current active one (requested -> active):
  custom:container-demuxer-ogg: 62fdf1f143b41e24485cea50d1cbac27 -> 
  custom:video-decoder-ogg-theora: a1e56fd34408186e4bbccfd4996cb3dc -> 
  custom:CustomObjectIndexerAttribute: 756ad292c208cfabdd7b50bc23989ffe -> 
  custom:container-demuxer-webm: 4f35f7cbe854078d1ac9338744f61a02 -> 
  custom:container-muxer-webm: aa71ff27fc2769a1b78a27578f13a17b -> 
  custom:video-decoder-webm-vp8: 9c59270c3fd7afecdb556c50c9e8de78 -> 
  custom:SearchIndexIgnoredProperties: e643bd26f0fe6173181afceb89e7c659 -> 
  custom:AudioImporter_EditorPlatform: 3918e3fc78b5a79bad01e8451be0beb8 -> 
  custom:framework-osx-AVFoundation: e770b220cccbd017edd2c1fefb359320 -> 
  custom:video-encoder-webm-vp8: eb34c28f22e8b96e1ab97ce403110664 -> 
  custom:audio-decoder-ogg-vorbis: bf7c407c2cedff20999df2af8eb42d56 -> 
  custom:audio-encoder-webm-vorbis: bf7c407c2cedff20999df2af8eb42d56 -> 
========================================================================
Received Import Request.
  Time since last request: 9.089029 seconds.
  path: Assets/IkinokoBattle/Scripts/Spawner.cs
  artifactKey: Guid(9cf04e0cf9cc44157bc46c2f417de87e) Importer(815301076,1909f56bfc062723c751e8b465ee728b)
Start importing Assets/IkinokoBattle/Scripts/Spawner.cs using Guid(9cf04e0cf9cc44157bc46c2f417de87e) Importer(815301076,1909f56bfc062723c751e8b465ee728b)  -> (artifact id: '89bfb1f04c5e2ceddef9e89a6d483dc5') in 0.001947 seconds
Number of updated asset objects reloaded before import = 0
Number of asset objects unloaded after import = 0
========================================================================
Received Import Request.
  Time since last request: 126.309846 seconds.
  path: Assets/IkinokoBattle/Scenes
  artifactKey: Guid(5b7ab8e8c17fc4213944d64c230be15b) Importer(815301076,1909f56bfc062723c751e8b465ee728b)
Start importing Assets/IkinokoBattle/Scenes using Guid(5b7ab8e8c17fc4213944d64c230be15b) Importer(815301076,1909f56bfc062723c751e8b465ee728b)  -> (artifact id: '782f63fc43fa271db46776e5ba6bdf66') in 0.000632 seconds
Number of updated asset objects reloaded before import = 0
Number of asset objects unloaded after import = 0
========================================================================
Received Import Request.
  Time since last request: 92.798430 seconds.
  path: Assets/Scenes/SampleScene
  artifactKey: Guid(29a44d217d8d34dcf8c2d5a6f247b76b) Importer(815301076,1909f56bfc062723c751e8b465ee728b)
Start importing Assets/Scenes/SampleScene using Guid(29a44d217d8d34dcf8c2d5a6f247b76b) Importer(815301076,1909f56bfc062723c751e8b465ee728b)  -> (artifact id: '37aa35011b754ed7d126c5c9ebe97871') in 0.000478 seconds
Number of updated asset objects reloaded before import = 0
Number of asset objects unloaded after import = 0
========================================================================
Received Import Request.
  Time since last request: 0.090373 seconds.
  path: Assets/Scenes/SampleScene/NavMesh.asset
  artifactKey: Guid(ebec9ff6957b449c5b9b3edbd082c362) Importer(815301076,1909f56bfc062723c751e8b465ee728b)
Start importing Assets/Scenes/SampleScene/NavMesh.asset using Guid(ebec9ff6957b449c5b9b3edbd082c362) Importer(815301076,1909f56bfc062723c751e8b465ee728b)  -> (artifact id: 'c26e8e03b9f11a2846821c2e4d650143') in 0.018336 seconds
Number of updated asset objects reloaded before import = 0
Number of asset objects unloaded after import = 1
========================================================================
Received Import Request.
  Time since last request: 22.739940 seconds.
  path: Assets/IkinokoBattle/Scenes/TitleScene.unity
  artifactKey: Guid(fef94755bd5cf4fb9926f12d304a8b34) Importer(815301076,1909f56bfc062723c751e8b465ee728b)
Start importing Assets/IkinokoBattle/Scenes/TitleScene.unity using Guid(fef94755bd5cf4fb9926f12d304a8b34) Importer(815301076,1909f56bfc062723c751e8b465ee728b)  -> (artifact id: '21ed8ed16e1e5389c4436ca742f5705b') in 0.000835 seconds
Number of updated asset objects reloaded before import = 0
Number of asset objects unloaded after import = 0
========================================================================
Received Import Request.
  Time since last request: 9.946982 seconds.
  path: Assets/Scenes/Low_Poly_Survival/Scenes
  artifactKey: Guid(4c16b4e26db967b4d91323723240df74) Importer(815301076,1909f56bfc062723c751e8b465ee728b)
Start importing Assets/Scenes/Low_Poly_Survival/Scenes using Guid(4c16b4e26db967b4d91323723240df74) Importer(815301076,1909f56bfc062723c751e8b465ee728b)  -> (artifact id: '032322450f543227025e238c830aaa99') in 0.000457 seconds
Number of updated asset objects reloaded before import = 0
Number of asset objects unloaded after import = 0
========================================================================
Received Import Request.
  Time since last request: 0.092667 seconds.
  path: Assets/Scenes/Low_Poly_Survival/Scenes/New Post-Processing Profile.asset
  artifactKey: Guid(7e0a0992a7ecdce4e991f5d628f6e3fa) Importer(815301076,1909f56bfc062723c751e8b465ee728b)
Start importing Assets/Scenes/Low_Poly_Survival/Scenes/New Post-Processing Profile.asset using Guid(7e0a0992a7ecdce4e991f5d628f6e3fa) Importer(815301076,1909f56bfc062723c751e8b465ee728b)  -> (artifact id: '46f89e41a610053317fd31b285f779bd') in 0.001485 seconds
Number of updated asset objects reloaded before import = 0
Number of asset objects unloaded after import = 1
========================================================================
Received Import Request.
  Time since last request: 13.341875 seconds.
  path: Assets/#NVJOB Water Shaders V2/Example Scenes/Environment/Lighthouse/Materials/0.mat
  artifactKey: Guid(cf7820da9cb946a6b2157e7775d125c8) Importer(815301076,1909f56bfc062723c751e8b465ee728b)
Start importing Assets/#NVJOB Water Shaders V2/Example Scenes/Environment/Lighthouse/Materials/0.mat using Guid(cf7820da9cb946a6b2157e7775d125c8) Importer(815301076,1909f56bfc062723c751e8b465ee728b)  -> (artifact id: '3c2a21cc9879ce09cd5be8aff74045cd') in 1.018249 seconds
Number of updated asset objects reloaded before import = 0
Number of asset objects unloaded after import = 3
========================================================================
Received Import Request.
  Time since last request: 0.000072 seconds.
  path: Assets/Scenes/Low_Poly_Survival/Models/Weapons/Battle_axe_metal.fbx
  artifactKey: Guid(d506cbbd0c2b7c74bb8e1ce7cee5dba1) Importer(815301076,1909f56bfc062723c751e8b465ee728b)
Start importing Assets/Scenes/Low_Poly_Survival/Models/Weapons/Battle_axe_metal.fbx using Guid(d506cbbd0c2b7c74bb8e1ce7cee5dba1) Importer(815301076,1909f56bfc062723c751e8b465ee728b)  -> (artifact id: 'c6952439f06f9247e62fdfec7ea72787') in 0.079125 seconds
Number of updated asset objects reloaded before import = 0
Number of asset objects unloaded after import = 8
========================================================================
Received Import Request.
  Time since last request: 0.000075 seconds.
  path: Assets/Level 1 Monster Pack/Materials/Ghost/Ghost_Violet.mat
  artifactKey: Guid(da7164be9b7e1fb45a33679cb7f62648) Importer(815301076,1909f56bfc062723c751e8b465ee728b)
Start importing Assets/Level 1 Monster Pack/Materials/Ghost/Ghost_Violet.mat using Guid(da7164be9b7e1fb45a33679cb7f62648) Importer(815301076,1909f56bfc062723c751e8b465ee728b)  -> (artifact id: 'a3ec0294d1219ca3faa4e1c3ebe7ffe4') in 0.149855 seconds
Number of updated asset objects reloaded before import = 0
Number of asset objects unloaded after import = 2
========================================================================
Received Import Request.
  Time since last request: 0.000077 seconds.
  path: Assets/Level 1 Monster Pack/Prefabs/Bat/Bat_Red.prefab
  artifactKey: Guid(67f0474ce7d8d344fa04ba561d36d761) Importer(815301076,1909f56bfc062723c751e8b465ee728b)
Start importing Assets/Level 1 Monster Pack/Prefabs/Bat/Bat_Red.prefab using Guid(67f0474ce7d8d344fa04ba561d36d761) Importer(815301076,1909f56bfc062723c751e8b465ee728b)  -> (artifact id: '64a4597123f433eb27ce588eaca590f9') in 0.018078 seconds
Number of updated asset objects reloaded before import = 0
Number of asset objects unloaded after import = 96
========================================================================
Received Import Request.
  Time since last request: 0.000105 seconds.
  path: Assets/PQAssets/Query-Chan-SD/Props/03_Hokkaido/QueryCatsle/Models/Catsle_Lv01.fbx
  artifactKey: Guid(5649e5f478e2144fabd2dc0b67e91185) Importer(815301076,1909f56bfc062723c751e8b465ee728b)
Start importing Assets/PQAssets/Query-Chan-SD/Props/03_Hokkaido/QueryCatsle/Models/Catsle_Lv01.fbx using Guid(5649e5f478e2144fabd2dc0b67e91185) Importer(815301076,1909f56bfc062723c751e8b465ee728b)  -> (artifact id: 'fcfc312983c4f52903c296282c166fdf') in 0.016373 seconds
Number of updated asset objects reloaded before import = 0
Number of asset objects unloaded after import = 11
========================================================================
Received Import Request.
  Time since last request: 0.000103 seconds.
  path: Assets/PQAssets/Query-Chan-SD/Props/02_Fukuoka/Dashi/Models/Dashi_Low.fbx
  artifactKey: Guid(83c7a64e820e7d645b6ac76df6718bda) Importer(815301076,1909f56bfc062723c751e8b465ee728b)
Start importing Assets/PQAssets/Query-Chan-SD/Props/02_Fukuoka/Dashi/Models/Dashi_Low.fbx using Guid(83c7a64e820e7d645b6ac76df6718bda) Importer(815301076,1909f56bfc062723c751e8b465ee728b)  -> (artifact id: 'dffb6f11b93cfd36b7e39b259ee45efa') in 0.039291 seconds
Number of updated asset objects reloaded before import = 0
Number of asset objects unloaded after import = 25
========================================================================
Received Import Request.
  Time since last request: 0.000082 seconds.
  path: Assets/Scenes/Low_Poly_Survival/Models/Plants/Grass_2.fbx
  artifactKey: Guid(530ed7991554bfc4fb16d8a367d50186) Importer(815301076,1909f56bfc062723c751e8b465ee728b)
Start importing Assets/Scenes/Low_Poly_Survival/Models/Plants/Grass_2.fbx using Guid(530ed7991554bfc4fb16d8a367d50186) Importer(815301076,1909f56bfc062723c751e8b465ee728b)  -> (artifact id: 'dc77c31b58da82d9ed5d8d5512b1301d') in 0.039362 seconds
Number of updated asset objects reloaded before import = 0
Number of asset objects unloaded after import = 9
========================================================================
Received Import Request.
  Time since last request: 0.000089 seconds.
  path: Assets/Scenes/Low_Poly_Survival/Prefabs/Food/Apple.prefab
  artifactKey: Guid(76b431e064cf75347890d21410801432) Importer(815301076,1909f56bfc062723c751e8b465ee728b)
Start importing Assets/Scenes/Low_Poly_Survival/Prefabs/Food/Apple.prefab using Guid(76b431e064cf75347890d21410801432) Importer(815301076,1909f56bfc062723c751e8b465ee728b)  -> (artifact id: 'e49f467da4c85229a579a7be0e28e125') in 0.009542 seconds
Number of updated asset objects reloaded before import = 0
Number of asset objects unloaded after import = 9
========================================================================
Received Import Request.
  Time since last request: 0.000069 seconds.
  path: Assets/PQAssets/Query-Chan-SD/Props/03_Hokkaido/SnowBall/Models/ENEMY_SAPPORO.fbx
  artifactKey: Guid(4b23f97a600443f45b040fa38bdc544b) Importer(815301076,1909f56bfc062723c751e8b465ee728b)
Start importing Assets/PQAssets/Query-Chan-SD/Props/03_Hokkaido/SnowBall/Models/ENEMY_SAPPORO.fbx using Guid(4b23f97a600443f45b040fa38bdc544b) Importer(815301076,1909f56bfc062723c751e8b465ee728b)  -> (artifact id: 'c0d4fa2463c71167f815adab113e6cd6') in 0.022834 seconds
Number of updated asset objects reloaded before import = 0
Number of asset objects unloaded after import = 14
========================================================================
Received Import Request.
  Time since last request: 0.000108 seconds.
  path: Assets/Scenes/Low_Poly_Survival/Prefabs/Food/Canned food_blue.prefab
  artifactKey: Guid(91e7a47ae7ccf824eb8c10bff37cf693) Importer(815301076,1909f56bfc062723c751e8b465ee728b)
Start importing Assets/Scenes/Low_Poly_Survival/Prefabs/Food/Canned food_blue.prefab using Guid(91e7a47ae7ccf824eb8c10bff37cf693) Importer(815301076,1909f56bfc062723c751e8b465ee728b)  -> (artifact id: '84f29c4ae0a3b0376d9289a94ad674c8') in 0.009033 seconds
Number of updated asset objects reloaded before import = 0
Number of asset objects unloaded after import = 14
========================================================================
Received Import Request.
  Time since last request: 0.000096 seconds.
  path: Assets/PQAssets/Query-Chan-SD/Props/02_Fukuoka/Dashi/Materials/mat_dashi.mat
  artifactKey: Guid(335df6f699bab9347ba6f74dd6658834) Importer(815301076,1909f56bfc062723c751e8b465ee728b)
Start importing Assets/PQAssets/Query-Chan-SD/Props/02_Fukuoka/Dashi/Materials/mat_dashi.mat using Guid(335df6f699bab9347ba6f74dd6658834) Importer(815301076,1909f56bfc062723c751e8b465ee728b)  -> (artifact id: '3bb92662405fe60674094a8f0c98ff8e') in 0.009923 seconds
Number of updated asset objects reloaded before import = 0
Number of asset objects unloaded after import = 2
========================================================================
Received Import Request.
  Time since last request: 0.000074 seconds.
  path: Assets/Scenes/Low_Poly_Survival/Models/Food/Canned food_blue.fbx
  artifactKey: Guid(b0a2adf24e28f7744b163cbf7bba8567) Importer(815301076,1909f56bfc062723c751e8b465ee728b)
Start importing Assets/Scenes/Low_Poly_Survival/Models/Food/Canned food_blue.fbx using Guid(b0a2adf24e28f7744b163cbf7bba8567) Importer(815301076,1909f56bfc062723c751e8b465ee728b)  -> (artifact id: 'a5e351c7b7bee75818a760836902aa6a') in 0.020039 seconds
Number of updated asset objects reloaded before import = 0
Number of asset objects unloaded after import = 9
========================================================================
Received Import Request.
  Time since last request: 0.000142 seconds.
  path: Assets/Scenes/Low_Poly_Survival/Prefabs/Plants/Grass.prefab
  artifactKey: Guid(8a030e376a3781a4e8919e45ce32d5fa) Importer(815301076,1909f56bfc062723c751e8b465ee728b)
Start importing Assets/Scenes/Low_Poly_Survival/Prefabs/Plants/Grass.prefab using Guid(8a030e376a3781a4e8919e45ce32d5fa) Importer(815301076,1909f56bfc062723c751e8b465ee728b)  -> (artifact id: '33af3a588b8e3d27cc78ac737cb2b6ee') in 0.009050 seconds
Number of updated asset objects reloaded before import = 0
Number of asset objects unloaded after import = 14
========================================================================
Received Import Request.
  Time since last request: 0.000076 seconds.
  path: Assets/Level 1 Monster Pack/Materials/Bat/Bat_Color.mat
  artifactKey: Guid(dc2847452cc2cc74bbd193a78f86030f) Importer(815301076,1909f56bfc062723c751e8b465ee728b)
Start importing Assets/Level 1 Monster Pack/Materials/Bat/Bat_Color.mat using Guid(dc2847452cc2cc74bbd193a78f86030f) Importer(815301076,1909f56bfc062723c751e8b465ee728b)  -> (artifact id: '7ff1381b3e647296d096852a37d8ceb4') in 0.026669 seconds
Number of updated asset objects reloaded before import = 0
Number of asset objects unloaded after import = 2
========================================================================
Received Import Request.
  Time since last request: 0.000127 seconds.
  path: Assets/Scenes/Low_Poly_Survival/Prefabs/Food/Canned food_Red.prefab
  artifactKey: Guid(47d0c256f4759b14180070e1eac08714) Importer(815301076,1909f56bfc062723c751e8b465ee728b)
Start importing Assets/Scenes/Low_Poly_Survival/Prefabs/Food/Canned food_Red.prefab using Guid(47d0c256f4759b14180070e1eac08714) Importer(815301076,1909f56bfc062723c751e8b465ee728b)  -> (artifact id: '01aeb57a0bc7d31204dbc943ce6bea16') in 0.009072 seconds
Number of updated asset objects reloaded before import = 0
Number of asset objects unloaded after import = 14
========================================================================
Received Import Request.
  Time since last request: 0.000083 seconds.
  path: Assets/Scenes/Low_Poly_Survival/Models/Food/Meat.fbx
  artifactKey: Guid(45524efaedad6224ab0207861e0a468e) Importer(815301076,1909f56bfc062723c751e8b465ee728b)
Start importing Assets/Scenes/Low_Poly_Survival/Models/Food/Meat.fbx using Guid(45524efaedad6224ab0207861e0a468e) Importer(815301076,1909f56bfc062723c751e8b465ee728b)  -> (artifact id: 'baddc708d219f0d967c4730623164a02') in 0.023642 seconds
Number of updated asset objects reloaded before import = 0
Number of asset objects unloaded after import = 9
========================================================================
Received Import Request.
  Time since last request: 0.000095 seconds.
  path: Assets/PQAssets/Query-Chan-SD/Props/02_Fukuoka/Chouchin/Materials/mat_screen_Bx2.mat
  artifactKey: Guid(d9a306d66f31a2f458b6379b35603aae) Importer(815301076,1909f56bfc062723c751e8b465ee728b)
Start importing Assets/PQAssets/Query-Chan-SD/Props/02_Fukuoka/Chouchin/Materials/mat_screen_Bx2.mat using Guid(d9a306d66f31a2f458b6379b35603aae) Importer(815301076,1909f56bfc062723c751e8b465ee728b)  -> (artifact id: 'fe48ce680abb903e89ba94dda76a6ac0') in 0.013617 seconds
Number of updated asset objects reloaded before import = 0
Number of asset objects unloaded after import = 2
========================================================================
Received Import Request.
  Time since last request: 0.000075 seconds.
  path: Assets/Scenes/Low_Poly_Survival/Models/Fence.fbx
  artifactKey: Guid(5cfca10002760d846ba8855d1ba9c93b) Importer(815301076,1909f56bfc062723c751e8b465ee728b)
Start importing Assets/Scenes/Low_Poly_Survival/Models/Fence.fbx using Guid(5cfca10002760d846ba8855d1ba9c93b) Importer(815301076,1909f56bfc062723c751e8b465ee728b)  -> (artifact id: 'b36f17b39ccbe0aa42c3a981668ada49') in 0.035749 seconds
Number of updated asset objects reloaded before import = 0
Number of asset objects unloaded after import = 9
========================================================================
Received Import Request.
  Time since last request: 0.000074 seconds.
  path: Assets/PQAssets/Query-Chan-SD/Props/03_Hokkaido/QueryCatsle/Models/Catsle_Lv06.fbx
  artifactKey: Guid(8b183e03416264458a62376bdc0c881f) Importer(815301076,1909f56bfc062723c751e8b465ee728b)
Start importing Assets/PQAssets/Query-Chan-SD/Props/03_Hokkaido/QueryCatsle/Models/Catsle_Lv06.fbx using Guid(8b183e03416264458a62376bdc0c881f) Importer(815301076,1909f56bfc062723c751e8b465ee728b)  -> (artifact id: '3544278f71242aac8dfd773a81dd2b50') in 0.015080 seconds
Number of updated asset objects reloaded before import = 0
Number of asset objects unloaded after import = 11
========================================================================
Received Import Request.
  Time since last request: 0.000079 seconds.
  path: Assets/mode/Materials/08 - Default.mat
  artifactKey: Guid(67d60b2d83e0e442ca081c6144b41b49) Importer(815301076,1909f56bfc062723c751e8b465ee728b)
Start importing Assets/mode/Materials/08 - Default.mat using Guid(67d60b2d83e0e442ca081c6144b41b49) Importer(815301076,1909f56bfc062723c751e8b465ee728b)  -> (artifact id: 'd2b44bccc2a8e701a89d5d105d660d8c') in 0.097352 seconds
Number of updated asset objects reloaded before import = 0
Number of asset objects unloaded after import = 1
========================================================================
Received Import Request.
  Time since last request: 0.000133 seconds.
  path: Assets/Level 1 Monster Pack/Materials/Ghost/Ghost_Green.mat
  artifactKey: Guid(d2b7dde03ec3f2944b36f585daf401ed) Importer(815301076,1909f56bfc062723c751e8b465ee728b)
Start importing Assets/Level 1 Monster Pack/Materials/Ghost/Ghost_Green.mat using Guid(d2b7dde03ec3f2944b36f585daf401ed) Importer(815301076,1909f56bfc062723c751e8b465ee728b)  -> (artifact id: '1016c615cb5acb3d5fe19cbdfa184ceb') in 0.017480 seconds
Number of updated asset objects reloaded before import = 0
Number of asset objects unloaded after import = 2
========================================================================
Received Import Request.
  Time since last request: 0.000080 seconds.
  path: Assets/Scenes/Low_Poly_Survival/Prefabs/Plants/Bush 1.prefab
  artifactKey: Guid(d7b3dac977b02034c9a2c16f9985fd87) Importer(815301076,1909f56bfc062723c751e8b465ee728b)
Start importing Assets/Scenes/Low_Poly_Survival/Prefabs/Plants/Bush 1.prefab using Guid(d7b3dac977b02034c9a2c16f9985fd87) Importer(815301076,1909f56bfc062723c751e8b465ee728b)  -> (artifact id: '05e222b145163764c0e53f4885e8fd9f') in 0.011371 seconds
Number of updated asset objects reloaded before import = 0
Number of asset objects unloaded after import = 10
========================================================================
Received Import Request.
  Time since last request: 0.000091 seconds.
  path: Assets/Scenes/Low_Poly_Survival/Models/Plants/Bush_1.fbx
  artifactKey: Guid(6af9aff2a4469b648864c101a7be0718) Importer(815301076,1909f56bfc062723c751e8b465ee728b)
Start importing Assets/Scenes/Low_Poly_Survival/Models/Plants/Bush_1.fbx using Guid(6af9aff2a4469b648864c101a7be0718) Importer(815301076,1909f56bfc062723c751e8b465ee728b)  -> (artifact id: '753aea2c18e59b1b29af0cc10fbb0e52') in 0.019778 seconds
Number of updated asset objects reloaded before import = 0
Number of asset objects unloaded after import = 8
========================================================================
Received Import Request.
  Time since last request: 0.000075 seconds.
  path: Assets/Scenes/Low_Poly_Survival/Prefabs/Food/Fish.prefab
  artifactKey: Guid(e72bae16d9779ef47a3779dd94e9fc74) Importer(815301076,1909f56bfc062723c751e8b465ee728b)
Start importing Assets/Scenes/Low_Poly_Survival/Prefabs/Food/Fish.prefab using Guid(e72bae16d9779ef47a3779dd94e9fc74) Importer(815301076,1909f56bfc062723c751e8b465ee728b)  -> (artifact id: 'f4c4f87d1a3c775adeeb00dd163f5870') in 0.009347 seconds
Number of updated asset objects reloaded before import = 0
Number of asset objects unloaded after import = 9
========================================================================
Received Import Request.
  Time since last request: 0.000083 seconds.
  path: Assets/Scenes/Low_Poly_Survival/Prefabs/Moduls/Internal staircase.prefab
  artifactKey: Guid(f2f5fbec3eb33664199ba365d55d715b) Importer(815301076,1909f56bfc062723c751e8b465ee728b)
Start importing Assets/Scenes/Low_Poly_Survival/Prefabs/Moduls/Internal staircase.prefab using Guid(f2f5fbec3eb33664199ba365d55d715b) Importer(815301076,1909f56bfc062723c751e8b465ee728b)  -> (artifact id: '57392c67d9ba0e4d684b3bd937c428fb') in 0.010011 seconds
Number of updated asset objects reloaded before import = 0
Number of asset objects unloaded after import = 15
========================================================================
Received Import Request.
  Time since last request: 0.000073 seconds.
  path: Assets/#NVJOB Water Shaders V2/Example Scenes/Environment/Lighthouse/Materials/3.mat
  artifactKey: Guid(0fffec6e5e994a65b068aa2424ec22ff) Importer(815301076,1909f56bfc062723c751e8b465ee728b)
Start importing Assets/#NVJOB Water Shaders V2/Example Scenes/Environment/Lighthouse/Materials/3.mat using Guid(0fffec6e5e994a65b068aa2424ec22ff) Importer(815301076,1909f56bfc062723c751e8b465ee728b)  -> (artifact id: '5ab2287089aa78c7a51b19af44fd140e') in 0.713571 seconds
Number of updated asset objects reloaded before import = 0
Number of asset objects unloaded after import = 3
========================================================================
Received Import Request.
  Time since last request: 0.000062 seconds.
  path: Assets/mode/Materials/06 - Default.mat
  artifactKey: Guid(c65613d9f117c44c696be0afaf432a75) Importer(815301076,1909f56bfc062723c751e8b465ee728b)
Start importing Assets/mode/Materials/06 - Default.mat using Guid(c65613d9f117c44c696be0afaf432a75) Importer(815301076,1909f56bfc062723c751e8b465ee728b)  -> (artifact id: 'e3fd5eb79f676a906cda6cf6c27233c5') in 0.009738 seconds
Number of updated asset objects reloaded before import = 0
Number of asset objects unloaded after import = 1
========================================================================
Received Import Request.
  Time since last request: 0.000118 seconds.
  path: Assets/#NVJOB Water Shaders V2/Example Scenes/Environment/#NVJOB Assets/Dynamic Sky (For Demo)/Materials/Horizon 2.mat
  artifactKey: Guid(a5b6a16e7a9241b2bfdb9e5de455dea3) Importer(815301076,1909f56bfc062723c751e8b465ee728b)
Start importing Assets/#NVJOB Water Shaders V2/Example Scenes/Environment/#NVJOB Assets/Dynamic Sky (For Demo)/Materials/Horizon 2.mat using Guid(a5b6a16e7a9241b2bfdb9e5de455dea3) Importer(815301076,1909f56bfc062723c751e8b465ee728b)  -> (artifact id: '9f6b340e512642cae2934020d7b4802a') in 0.152712 seconds
Number of updated asset objects reloaded before import = 0
Number of asset objects unloaded after import = 4
========================================================================
Received Import Request.
  Time since last request: 0.000104 seconds.
  path: Assets/Scenes/Low_Poly_Survival/Models/Food/Canned food_Green.fbx
  artifactKey: Guid(8421e9a9b6be41540addab2801d98069) Importer(815301076,1909f56bfc062723c751e8b465ee728b)
Start importing Assets/Scenes/Low_Poly_Survival/Models/Food/Canned food_Green.fbx using Guid(8421e9a9b6be41540addab2801d98069) Importer(815301076,1909f56bfc062723c751e8b465ee728b)  -> (artifact id: '5c7aa1398f422aa12ef5ae8127a7965d') in 0.029524 seconds
Number of updated asset objects reloaded before import = 0
Number of asset objects unloaded after import = 9
========================================================================
Received Import Request.
  Time since last request: 0.000087 seconds.
  path: Assets/Scenes/Low_Poly_Survival/Models/Instruments/Metal knife.fbx
  artifactKey: Guid(74c1c85360b0ec14ba107cc1688dba4e) Importer(815301076,1909f56bfc062723c751e8b465ee728b)
Start importing Assets/Scenes/Low_Poly_Survival/Models/Instruments/Metal knife.fbx using Guid(74c1c85360b0ec14ba107cc1688dba4e) Importer(815301076,1909f56bfc062723c751e8b465ee728b)  -> (artifact id: 'f23f33f11eceabe33db06f2309b4100a') in 0.034972 seconds
Number of updated asset objects reloaded before import = 0
Number of asset objects unloaded after import = 9
========================================================================
Received Import Request.
  Time since last request: 0.000134 seconds.
  path: Assets/PQAssets/Query-Chan-SD/Props/02_Fukuoka/Chouchin/Models/Chouchin_B.fbx
  artifactKey: Guid(ab4866c4184218b408aacf526e2609cc) Importer(815301076,1909f56bfc062723c751e8b465ee728b)
Start importing Assets/PQAssets/Query-Chan-SD/Props/02_Fukuoka/Chouchin/Models/Chouchin_B.fbx using Guid(ab4866c4184218b408aacf526e2609cc) Importer(815301076,1909f56bfc062723c751e8b465ee728b)  -> (artifact id: '88139db5a7e56f8308824ee2b6715b76') in 0.017094 seconds
Number of updated asset objects reloaded before import = 0
Number of asset objects unloaded after import = 11
========================================================================
Received Import Request.
  Time since last request: 0.000089 seconds.
  path: Assets/PQAssets/Query-Chan-SD/Props/02_Fukuoka/Chouchin/Models/Chouchin_C.fbx
  artifactKey: Guid(909918e2c600981488d998bef4593a32) Importer(815301076,1909f56bfc062723c751e8b465ee728b)
Start importing Assets/PQAssets/Query-Chan-SD/Props/02_Fukuoka/Chouchin/Models/Chouchin_C.fbx using Guid(909918e2c600981488d998bef4593a32) Importer(815301076,1909f56bfc062723c751e8b465ee728b)  -> (artifact id: '3dee2da8d433dd1fd53c5348703802a3') in 0.016781 seconds
Number of updated asset objects reloaded before import = 0
Number of asset objects unloaded after import = 11
========================================================================
Received Import Request.
  Time since last request: 0.000113 seconds.
  path: Assets/#NVJOB Water Shaders V2/Example Scenes/Environment/Palm Trees/Materials/Bark.mat
  artifactKey: Guid(14df40d75f024ff697254789566332c8) Importer(815301076,1909f56bfc062723c751e8b465ee728b)
Start importing Assets/#NVJOB Water Shaders V2/Example Scenes/Environment/Palm Trees/Materials/Bark.mat using Guid(14df40d75f024ff697254789566332c8) Importer(815301076,1909f56bfc062723c751e8b465ee728b)  -> (artifact id: '0c02784768b1c359e6c71c96fe4b8fe6') in 0.708530 seconds
Number of updated asset objects reloaded before import = 0
Number of asset objects unloaded after import = 4
========================================================================
Received Import Request.
  Time since last request: 0.000085 seconds.
  path: Assets/Scenes/Low_Poly_Survival/Models/Weapons/Bow.fbx
  artifactKey: Guid(391b00e7f873ace489f6b29dc600656e) Importer(815301076,1909f56bfc062723c751e8b465ee728b)
Start importing Assets/Scenes/Low_Poly_Survival/Models/Weapons/Bow.fbx using Guid(391b00e7f873ace489f6b29dc600656e) Importer(815301076,1909f56bfc062723c751e8b465ee728b)  -> (artifact id: '558740624dce46d2ba45c925b814eef4') in 0.016053 seconds
Number of updated asset objects reloaded before import = 0
Number of asset objects unloaded after import = 8
========================================================================
Received Import Request.
  Time since last request: 0.000087 seconds.
  path: Assets/Scenes/Low_Poly_Survival/Models/Plants/Cactus_1.fbx
  artifactKey: Guid(c9f23c57310ed404ca88f37827a730ac) Importer(815301076,1909f56bfc062723c751e8b465ee728b)
Start importing Assets/Scenes/Low_Poly_Survival/Models/Plants/Cactus_1.fbx using Guid(c9f23c57310ed404ca88f37827a730ac) Importer(815301076,1909f56bfc062723c751e8b465ee728b)  -> (artifact id: 'ff25e64ca9548479d781abe0d44b7bff') in 0.035313 seconds
Number of updated asset objects reloaded before import = 0
Number of asset objects unloaded after import = 9
========================================================================
Received Import Request.
  Time since last request: 0.000129 seconds.
  path: Assets/PQAssets/Query-Chan-SD/Props/02_Fukuoka/Human/Models/Human_Male_A.fbx
  artifactKey: Guid(008cb863561aecb46b7a5da59aeb0fa5) Importer(815301076,1909f56bfc062723c751e8b465ee728b)
Start importing Assets/PQAssets/Query-Chan-SD/Props/02_Fukuoka/Human/Models/Human_Male_A.fbx using Guid(008cb863561aecb46b7a5da59aeb0fa5) Importer(815301076,1909f56bfc062723c751e8b465ee728b)  -> (artifact id: '9ef919bed38c22d68812ca694dae02a4') in 0.032779 seconds
Number of updated asset objects reloaded before import = 0
Number of asset objects unloaded after import = 15
========================================================================
Received Import Request.
  Time since last request: 0.000095 seconds.
  path: Assets/Scenes/Low_Poly_Survival/Models/Moduls/Board.fbx
  artifactKey: Guid(da43d8b7c53a3b14394e438947e53806) Importer(815301076,1909f56bfc062723c751e8b465ee728b)
Start importing Assets/Scenes/Low_Poly_Survival/Models/Moduls/Board.fbx using Guid(da43d8b7c53a3b14394e438947e53806) Importer(815301076,1909f56bfc062723c751e8b465ee728b)  -> (artifact id: '815c148ebfb7125ae4c1f943a59fdace') in 0.021574 seconds
Number of updated asset objects reloaded before import = 0
Number of asset objects unloaded after import = 9
========================================================================
Received Import Request.
  Time since last request: 0.000068 seconds.
  path: Assets/Scenes/Low_Poly_Survival/Models/Chair.fbx
  artifactKey: Guid(5c35bda918f6bca4d84b9c2f8814862a) Importer(815301076,1909f56bfc062723c751e8b465ee728b)
Start importing Assets/Scenes/Low_Poly_Survival/Models/Chair.fbx using Guid(5c35bda918f6bca4d84b9c2f8814862a) Importer(815301076,1909f56bfc062723c751e8b465ee728b)  -> (artifact id: 'e791a748e614934a5f48ce27ccc23957') in 0.023344 seconds
Number of updated asset objects reloaded before import = 0
Number of asset objects unloaded after import = 9
========================================================================
Received Import Request.
  Time since last request: 0.000074 seconds.
  path: Assets/PQAssets/Query-Chan-SD/Props/02_Fukuoka/Dashi/Models/Dashi_Top.fbx
  artifactKey: Guid(00d921738f04cdb4a8374999addeb507) Importer(815301076,1909f56bfc062723c751e8b465ee728b)
Start importing Assets/PQAssets/Query-Chan-SD/Props/02_Fukuoka/Dashi/Models/Dashi_Top.fbx using Guid(00d921738f04cdb4a8374999addeb507) Importer(815301076,1909f56bfc062723c751e8b465ee728b)  -> (artifact id: '2f1e8dc1738bb14333bbfa5868362d70') in 0.054918 seconds
Number of updated asset objects reloaded before import = 0
Number of asset objects unloaded after import = 38
========================================================================
Received Import Request.
  Time since last request: 0.000090 seconds.
  path: Assets/PQAssets/Query-Chan-SD/Props/03_Hokkaido/QueryCatsle/Models/Catsle_Lv10.fbx
  artifactKey: Guid(3f764d53ee9a94737b691896e3e5d86f) Importer(815301076,1909f56bfc062723c751e8b465ee728b)
Start importing Assets/PQAssets/Query-Chan-SD/Props/03_Hokkaido/QueryCatsle/Models/Catsle_Lv10.fbx using Guid(3f764d53ee9a94737b691896e3e5d86f) Importer(815301076,1909f56bfc062723c751e8b465ee728b)  -> (artifact id: '49474c2a17f8756750b2757272e4a001') in 0.016398 seconds
Number of updated asset objects reloaded before import = 0
Number of asset objects unloaded after import = 11
========================================================================
Received Import Request.
  Time since last request: 0.000134 seconds.
  path: Assets/Scenes/Low_Poly_Survival/Models/Food/Apple.fbx
  artifactKey: Guid(7fcc56c1bc987d140b131d6ea2568432) Importer(815301076,1909f56bfc062723c751e8b465ee728b)
Start importing Assets/Scenes/Low_Poly_Survival/Models/Food/Apple.fbx using Guid(7fcc56c1bc987d140b131d6ea2568432) Importer(815301076,1909f56bfc062723c751e8b465ee728b)  -> (artifact id: '170e5f1280fa62409cb9bd35f6ebb0d7') in 0.021850 seconds
Number of updated asset objects reloaded before import = 0
Number of asset objects unloaded after import = 8
========================================================================
Received Import Request.
  Time since last request: 0.000069 seconds.
  path: Assets/Scenes/Low_Poly_Survival/Prefabs/Food/Mushroom.prefab
  artifactKey: Guid(4e3bda333729fe84ea384e9f289b623e) Importer(815301076,1909f56bfc062723c751e8b465ee728b)
Start importing Assets/Scenes/Low_Poly_Survival/Prefabs/Food/Mushroom.prefab using Guid(4e3bda333729fe84ea384e9f289b623e) Importer(815301076,1909f56bfc062723c751e8b465ee728b)  -> (artifact id: 'cedac5bfd5a5d473581479b5a0c1cfbe') in 0.010587 seconds
Number of updated asset objects reloaded before import = 0
Number of asset objects unloaded after import = 9
========================================================================
Received Import Request.
  Time since last request: 0.000102 seconds.
  path: Assets/PQAssets/Query-Chan-SD/Props/02_Fukuoka/Chouchin/Materials/mat_ChouchinWire.mat
  artifactKey: Guid(bea4533c292ebfa4ba6d6b5d3a33b01a) Importer(815301076,1909f56bfc062723c751e8b465ee728b)
Start importing Assets/PQAssets/Query-Chan-SD/Props/02_Fukuoka/Chouchin/Materials/mat_ChouchinWire.mat using Guid(bea4533c292ebfa4ba6d6b5d3a33b01a) Importer(815301076,1909f56bfc062723c751e8b465ee728b)  -> (artifact id: 'a9c5aa434553589402d28deeef549d18') in 0.007375 seconds
Number of updated asset objects reloaded before import = 0
Number of asset objects unloaded after import = 1
========================================================================
Received Import Request.
  Time since last request: 0.000127 seconds.
  path: Assets/Scenes/Low_Poly_Survival/Prefabs/Plants/Palm.prefab
  artifactKey: Guid(ad0bf17dea771c049b0f132e252c2028) Importer(815301076,1909f56bfc062723c751e8b465ee728b)
Start importing Assets/Scenes/Low_Poly_Survival/Prefabs/Plants/Palm.prefab using Guid(ad0bf17dea771c049b0f132e252c2028) Importer(815301076,1909f56bfc062723c751e8b465ee728b)  -> (artifact id: '923ab88e0f0e102a4a574d873db6fbd1') in 0.010289 seconds
Number of updated asset objects reloaded before import = 0
Number of asset objects unloaded after import = 15
========================================================================
Received Import Request.
  Time since last request: 0.000064 seconds.
  path: Assets/Scenes/Low_Poly_Survival/Models/Bowler.fbx
  artifactKey: Guid(b57b7536330a95d48a5318230ad75c52) Importer(815301076,1909f56bfc062723c751e8b465ee728b)
Start importing Assets/Scenes/Low_Poly_Survival/Models/Bowler.fbx using Guid(b57b7536330a95d48a5318230ad75c52) Importer(815301076,1909f56bfc062723c751e8b465ee728b)  -> (artifact id: 'b7100e99084ba2368e01c1d9dc28424c') in 0.025930 seconds
Number of updated asset objects reloaded before import = 0
Number of asset objects unloaded after import = 8
========================================================================
Received Import Request.
  Time since last request: 0.000074 seconds.
  path: Assets/PQAssets/Query-Chan-SD/Props/03_Hokkaido/QueryCatsle/Models/Catsle_Lv07.fbx
  artifactKey: Guid(515e6ee1b223a4de9bbc185bc6788db6) Importer(815301076,1909f56bfc062723c751e8b465ee728b)
Start importing Assets/PQAssets/Query-Chan-SD/Props/03_Hokkaido/QueryCatsle/Models/Catsle_Lv07.fbx using Guid(515e6ee1b223a4de9bbc185bc6788db6) Importer(815301076,1909f56bfc062723c751e8b465ee728b)  -> (artifact id: '6569943ceb1a33f16ff49f24d33ee026') in 0.017831 seconds
Number of updated asset objects reloaded before import = 0
Number of asset objects unloaded after import = 11
========================================================================
Received Import Request.
  Time since last request: 0.000076 seconds.
  path: Assets/Scenes/Low_Poly_Survival/Models/Bake.fbx
  artifactKey: Guid(897637db6ded847468ce460a49f617a8) Importer(815301076,1909f56bfc062723c751e8b465ee728b)
Start importing Assets/Scenes/Low_Poly_Survival/Models/Bake.fbx using Guid(897637db6ded847468ce460a49f617a8) Importer(815301076,1909f56bfc062723c751e8b465ee728b)  -> (artifact id: 'ea3d7f57cc304c7556b7d30c8f0f2bf5') in 0.025757 seconds
Number of updated asset objects reloaded before import = 0
Number of asset objects unloaded after import = 9
========================================================================
Received Import Request.
  Time since last request: 0.000094 seconds.
  path: Assets/Scenes/Low_Poly_Survival/Models/Weapons/Materials/1.mat
  artifactKey: Guid(f1ffbef95d5684c468f4a8981020de06) Importer(815301076,1909f56bfc062723c751e8b465ee728b)
Start importing Assets/Scenes/Low_Poly_Survival/Models/Weapons/Materials/1.mat using Guid(f1ffbef95d5684c468f4a8981020de06) Importer(815301076,1909f56bfc062723c751e8b465ee728b)  -> (artifact id: '6bb654cbecc12432e802e42f86788a73') in 0.010511 seconds
Number of updated asset objects reloaded before import = 0
Number of asset objects unloaded after import = 2
========================================================================
Received Import Request.
  Time since last request: 0.000093 seconds.
  path: Assets/Conifers [BOTD]/Render Pipeline Support/Built-in RP/Sources/Billboards/Conifer Tall_BillboardMaterial.mat
  artifactKey: Guid(cb64c4536ee5b445783c428f4a53af1c) Importer(815301076,1909f56bfc062723c751e8b465ee728b)
Start importing Assets/Conifers [BOTD]/Render Pipeline Support/Built-in RP/Sources/Billboards/Conifer Tall_BillboardMaterial.mat using Guid(cb64c4536ee5b445783c428f4a53af1c) Importer(815301076,1909f56bfc062723c751e8b465ee728b)  -> (artifact id: 'eb7496f3aac22748fec198d8c5a3618c') in 0.531529 seconds
Number of updated asset objects reloaded before import = 0
Number of asset objects unloaded after import = 3
========================================================================
Received Import Request.
  Time since last request: 0.000062 seconds.
  path: Assets/Scenes/Low_Poly_Survival/Models/Boat.fbx
  artifactKey: Guid(27df262d658c86747b7508c9a3298508) Importer(815301076,1909f56bfc062723c751e8b465ee728b)
Start importing Assets/Scenes/Low_Poly_Survival/Models/Boat.fbx using Guid(27df262d658c86747b7508c9a3298508) Importer(815301076,1909f56bfc062723c751e8b465ee728b)  -> (artifact id: '1eb803c2d95dc0c65f6ae1555a7347b8') in 0.026684 seconds
Number of updated asset objects reloaded before import = 0
Number of asset objects unloaded after import = 9
========================================================================
Received Import Request.
  Time since last request: 0.000095 seconds.
  path: Assets/Scenes/Low_Poly_Survival/Prefabs/Moduls/Floor.prefab
  artifactKey: Guid(1aeee69441ed26e41ab00dbc3b2b688e) Importer(815301076,1909f56bfc062723c751e8b465ee728b)
Start importing Assets/Scenes/Low_Poly_Survival/Prefabs/Moduls/Floor.prefab using Guid(1aeee69441ed26e41ab00dbc3b2b688e) Importer(815301076,1909f56bfc062723c751e8b465ee728b)  -> (artifact id: '3426b6c60a64d27321683b8195ae8b1d') in 0.009278 seconds
Number of updated asset objects reloaded before import = 0
Number of asset objects unloaded after import = 10
========================================================================
Received Import Request.
  Time since last request: 0.000065 seconds.
  path: Assets/Scenes/Low_Poly_Survival/Models/Moduls/Internal staircase.fbx
  artifactKey: Guid(1ecff2d34f3c39445baba3d180f67017) Importer(815301076,1909f56bfc062723c751e8b465ee728b)
Start importing Assets/Scenes/Low_Poly_Survival/Models/Moduls/Internal staircase.fbx using Guid(1ecff2d34f3c39445baba3d180f67017) Importer(815301076,1909f56bfc062723c751e8b465ee728b)  -> (artifact id: 'c139eb5260f307354b0915fdbbf3663b') in 0.024664 seconds
Number of updated asset objects reloaded before import = 0
Number of asset objects unloaded after import = 9
========================================================================
Received Import Request.
  Time since last request: 0.000066 seconds.
  path: Assets/#NVJOB Water Shaders V2/Example Scenes/Environment/Lighthouse/Materials/4.mat
  artifactKey: Guid(5151646d503c42369d2aeeb8359ca0f4) Importer(815301076,1909f56bfc062723c751e8b465ee728b)
Start importing Assets/#NVJOB Water Shaders V2/Example Scenes/Environment/Lighthouse/Materials/4.mat using Guid(5151646d503c42369d2aeeb8359ca0f4) Importer(815301076,1909f56bfc062723c751e8b465ee728b)  -> (artifact id: 'aa9977c15202c0d39feecaafe5d5bd72') in 0.415791 seconds
Number of updated asset objects reloaded before import = 0
Number of asset objects unloaded after import = 1
========================================================================
Received Import Request.
  Time since last request: 0.000115 seconds.
  path: Assets/#NVJOB Water Shaders V2/Example Scenes/Environment/Island/Materials/Island 1.mat
  artifactKey: Guid(80024fb0caf74b5ebac71fc57f83a2d0) Importer(815301076,1909f56bfc062723c751e8b465ee728b)
Start importing Assets/#NVJOB Water Shaders V2/Example Scenes/Environment/Island/Materials/Island 1.mat using Guid(80024fb0caf74b5ebac71fc57f83a2d0) Importer(815301076,1909f56bfc062723c751e8b465ee728b)  -> (artifact id: '3ff02d07f7ec2b409b39bdce8e0b1046') in 0.661275 seconds
Number of updated asset objects reloaded before import = 0
Number of asset objects unloaded after import = 6
========================================================================
Received Import Request.
  Time since last request: 0.000069 seconds.
  path: Assets/PQAssets/Query-Chan-SD/Models/SD_QUERY_49_Ooita/Materials/lambert1.mat
  artifactKey: Guid(ec5c321d2ab387040b20c94cee5558a5) Importer(815301076,1909f56bfc062723c751e8b465ee728b)
Start importing Assets/PQAssets/Query-Chan-SD/Models/SD_QUERY_49_Ooita/Materials/lambert1.mat using Guid(ec5c321d2ab387040b20c94cee5558a5) Importer(815301076,1909f56bfc062723c751e8b465ee728b)  -> (artifact id: '58e2c21ff48643a1a2b90b390379f764') in 0.007292 seconds
Number of updated asset objects reloaded before import = 0
Number of asset objects unloaded after import = 1
========================================================================
Received Import Request.
  Time since last request: 0.000128 seconds.
  path: Assets/PQAssets/Query-Chan-SD/Props/02_Fukuoka/Dashi/Materials/mat_dashi_BLACKver.mat
  artifactKey: Guid(7572daef172f9f449a89238afb9c6dd4) Importer(815301076,1909f56bfc062723c751e8b465ee728b)
Start importing Assets/PQAssets/Query-Chan-SD/Props/02_Fukuoka/Dashi/Materials/mat_dashi_BLACKver.mat using Guid(7572daef172f9f449a89238afb9c6dd4) Importer(815301076,1909f56bfc062723c751e8b465ee728b)  -> (artifact id: '048358b137a130d5a1839e7be42746d9') in 0.012202 seconds
Number of updated asset objects reloaded before import = 0
Number of asset objects unloaded after import = 2
========================================================================
Received Import Request.
  Time since last request: 0.000090 seconds.
  path: Assets/Conifers [BOTD]/Render Pipeline Support/Built-in RP/Sources/Billboards/Conifer Small_BillboardMaterial.mat
  artifactKey: Guid(fba25871281c3416cbb4faf8edfb3a1c) Importer(815301076,1909f56bfc062723c751e8b465ee728b)
Start importing Assets/Conifers [BOTD]/Render Pipeline Support/Built-in RP/Sources/Billboards/Conifer Small_BillboardMaterial.mat using Guid(fba25871281c3416cbb4faf8edfb3a1c) Importer(815301076,1909f56bfc062723c751e8b465ee728b)  -> (artifact id: '0597550b20044c2f1eaa7576e8369a8d') in 0.016562 seconds
Number of updated asset objects reloaded before import = 0
Number of asset objects unloaded after import = 3
========================================================================
Received Import Request.
  Time since last request: 0.000071 seconds.
  path: Assets/PQAssets/Query-Chan-SD/Props/02_Fukuoka/Chouchin/Materials/mat_screen_A.mat
  artifactKey: Guid(42f0544f07f5c974981ee173056dcec1) Importer(815301076,1909f56bfc062723c751e8b465ee728b)
Start importing Assets/PQAssets/Query-Chan-SD/Props/02_Fukuoka/Chouchin/Materials/mat_screen_A.mat using Guid(42f0544f07f5c974981ee173056dcec1) Importer(815301076,1909f56bfc062723c751e8b465ee728b)  -> (artifact id: 'c34627572cd49a906c5c0f1d84e19add') in 0.010362 seconds
Number of updated asset objects reloaded before import = 0
Number of asset objects unloaded after import = 2
========================================================================
Received Import Request.
  Time since last request: 0.000114 seconds.
  path: Assets/PQAssets/Query-Chan-SD/Materials/Background.mat
  artifactKey: Guid(9c6ab09d56b934c5a9f0c43b472e0ca9) Importer(815301076,1909f56bfc062723c751e8b465ee728b)
Start importing Assets/PQAssets/Query-Chan-SD/Materials/Background.mat using Guid(9c6ab09d56b934c5a9f0c43b472e0ca9) Importer(815301076,1909f56bfc062723c751e8b465ee728b)  -> (artifact id: '6208f6b8906e2a89dd043388ad9b61b5') in 0.010566 seconds
Number of updated asset objects reloaded before import = 0
Number of asset objects unloaded after import = 2
========================================================================
Received Import Request.
  Time since last request: 0.000091 seconds.
  path: Assets/PQAssets/Query-Chan-SD/Props/02_Fukuoka/Human/Prefabs/Dontakus_Female.prefab
  artifactKey: Guid(dd0368f7be2d04af9a6522c348fa316c) Importer(815301076,1909f56bfc062723c751e8b465ee728b)
Start importing Assets/PQAssets/Query-Chan-SD/Props/02_Fukuoka/Human/Prefabs/Dontakus_Female.prefab using Guid(dd0368f7be2d04af9a6522c348fa316c) Importer(815301076,1909f56bfc062723c751e8b465ee728b)  -> (artifact id: 'e6aa6e86fc7daf7c038119da2bb1831a') in 0.014428 seconds
Number of updated asset objects reloaded before import = 0
Number of asset objects unloaded after import = 25
========================================================================
Received Import Request.
  Time since last request: 0.000064 seconds.
  path: Assets/Scenes/Low_Poly_Survival/Models/Barrel.fbx
  artifactKey: Guid(a97170a187445d445b96537f2632cee8) Importer(815301076,1909f56bfc062723c751e8b465ee728b)
Start importing Assets/Scenes/Low_Poly_Survival/Models/Barrel.fbx using Guid(a97170a187445d445b96537f2632cee8) Importer(815301076,1909f56bfc062723c751e8b465ee728b)  -> (artifact id: 'b00b1112c39e6194436820ff6fe8faf4') in 0.025655 seconds
Number of updated asset objects reloaded before import = 0
Number of asset objects unloaded after import = 9
========================================================================
Received Import Request.
  Time since last request: 0.000088 seconds.
  path: Assets/PQAssets/Query-Chan-SD/Props/01_Osaka/Takoyaki/Models/enemy.fbx
  artifactKey: Guid(7ab1a40e9e276e642b9df96ae60f6453) Importer(815301076,1909f56bfc062723c751e8b465ee728b)
Start importing Assets/PQAssets/Query-Chan-SD/Props/01_Osaka/Takoyaki/Models/enemy.fbx using Guid(7ab1a40e9e276e642b9df96ae60f6453) Importer(815301076,1909f56bfc062723c751e8b465ee728b)  -> (artifact id: '13031f6eb0a4619019b16d4f56fcbd97') in 0.024907 seconds
Number of updated asset objects reloaded before import = 0
Number of asset objects unloaded after import = 13
========================================================================
Received Import Request.
  Time since last request: 0.000069 seconds.
  path: Assets/Level 1 Monster Pack/Materials/Bat/Bat_Green.mat
  artifactKey: Guid(1945ca08888585540b2dbfd8b76f2b32) Importer(815301076,1909f56bfc062723c751e8b465ee728b)
Start importing Assets/Level 1 Monster Pack/Materials/Bat/Bat_Green.mat using Guid(1945ca08888585540b2dbfd8b76f2b32) Importer(815301076,1909f56bfc062723c751e8b465ee728b)  -> (artifact id: '8e18454957c7dacb324206c7e01d23ac') in 0.013743 seconds
Number of updated asset objects reloaded before import = 0
Number of asset objects unloaded after import = 2
========================================================================
Received Import Request.
  Time since last request: 0.000067 seconds.
  path: Assets/Level 1 Monster Pack/Materials/Ghost/Ghost_White.mat
  artifactKey: Guid(e45b40dde5630f3488fd950d7ca4f260) Importer(815301076,1909f56bfc062723c751e8b465ee728b)
Start importing Assets/Level 1 Monster Pack/Materials/Ghost/Ghost_White.mat using Guid(e45b40dde5630f3488fd950d7ca4f260) Importer(815301076,1909f56bfc062723c751e8b465ee728b)  -> (artifact id: 'd06d92983ff19ccfa7a8d10973c013dd') in 0.017757 seconds
Number of updated asset objects reloaded before import = 0
Number of asset objects unloaded after import = 2
========================================================================
Received Import Request.
  Time since last request: 0.000089 seconds.
  path: Assets/PQAssets/Query-Chan-SD/Props/03_Hokkaido/QueryCatsle/Models/Catsle_Lv08.fbx
  artifactKey: Guid(58af467caf2704d889d0543b79bb76d2) Importer(815301076,1909f56bfc062723c751e8b465ee728b)
Start importing Assets/PQAssets/Query-Chan-SD/Props/03_Hokkaido/QueryCatsle/Models/Catsle_Lv08.fbx using Guid(58af467caf2704d889d0543b79bb76d2) Importer(815301076,1909f56bfc062723c751e8b465ee728b)  -> (artifact id: '88399d00772e31ef5f27442731f7bccc') in 0.016845 seconds
Number of updated asset objects reloaded before import = 0
Number of asset objects unloaded after import = 11
========================================================================
Received Import Request.
  Time since last request: 0.000119 seconds.
  path: Assets/Scenes/Low_Poly_Survival/Models/Plants/Grass.fbx
  artifactKey: Guid(d015627f400b6694981d97a6290fb8ab) Importer(815301076,1909f56bfc062723c751e8b465ee728b)
Start importing Assets/Scenes/Low_Poly_Survival/Models/Plants/Grass.fbx using Guid(d015627f400b6694981d97a6290fb8ab) Importer(815301076,1909f56bfc062723c751e8b465ee728b)  -> (artifact id: '1dffcad67abcfd3defdd4a6674460109') in 0.021733 seconds
Number of updated asset objects reloaded before import = 0
Number of asset objects unloaded after import = 9
========================================================================
Received Import Request.
  Time since last request: 0.000078 seconds.
  path: Assets/mode/Materials/01 - Default.mat
  artifactKey: Guid(654d6328ff989442b82d8097aad65aed) Importer(815301076,1909f56bfc062723c751e8b465ee728b)
Start importing Assets/mode/Materials/01 - Default.mat using Guid(654d6328ff989442b82d8097aad65aed) Importer(815301076,1909f56bfc062723c751e8b465ee728b)  -> (artifact id: 'f4e6d3400b5b4e2888bad66b79f8a76e') in 0.007030 seconds
Number of updated asset objects reloaded before import = 0
Number of asset objects unloaded after import = 1
========================================================================
Received Import Request.
  Time since last request: 0.000141 seconds.
  path: Assets/Scenes/Low_Poly_Survival/Models/Plants/Bush 1.fbx
  artifactKey: Guid(f5437a65434aba344ba765620b5a667f) Importer(815301076,1909f56bfc062723c751e8b465ee728b)
Start importing Assets/Scenes/Low_Poly_Survival/Models/Plants/Bush 1.fbx using Guid(f5437a65434aba344ba765620b5a667f) Importer(815301076,1909f56bfc062723c751e8b465ee728b)  -> (artifact id: 'a4d83b239ba11ef0506c196cd8aa58f5') in 0.021701 seconds
Number of updated asset objects reloaded before import = 0
Number of asset objects unloaded after import = 8
========================================================================
Received Import Request.
  Time since last request: 0.000076 seconds.
  path: Assets/#NVJOB Water Shaders V2/Example Scenes/Environment/Flag/Materials/Flag 0.mat
  artifactKey: Guid(ea3d97bab21448d481095e153c0bc087) Importer(815301076,1909f56bfc062723c751e8b465ee728b)
Start importing Assets/#NVJOB Water Shaders V2/Example Scenes/Environment/Flag/Materials/Flag 0.mat using Guid(ea3d97bab21448d481095e153c0bc087) Importer(815301076,1909f56bfc062723c751e8b465ee728b)  -> (artifact id: 'a3061716cdb7f556cafbf9228ca61fa4') in 0.009852 seconds
Number of updated asset objects reloaded before import = 0
Number of asset objects unloaded after import = 2
========================================================================
Received Import Request.
  Time since last request: 0.000093 seconds.
  path: Assets/#NVJOB Water Shaders V2/Example Scenes/Environment/#NVJOB Assets/Dynamic Sky (For Demo)/Materials/Clouds 2.mat
  artifactKey: Guid(dd7a414e67514f87a6c4d69b61222857) Importer(815301076,1909f56bfc062723c751e8b465ee728b)
Start importing Assets/#NVJOB Water Shaders V2/Example Scenes/Environment/#NVJOB Assets/Dynamic Sky (For Demo)/Materials/Clouds 2.mat using Guid(dd7a414e67514f87a6c4d69b61222857) Importer(815301076,1909f56bfc062723c751e8b465ee728b)  -> (artifact id: 'cd8ab2b15b7b2c161b377ba7bc6c53c6') in 0.131939 seconds
Number of updated asset objects reloaded before import = 0
Number of asset objects unloaded after import = 4
========================================================================
Received Import Request.
  Time since last request: 0.000090 seconds.
  path: Assets/Scenes/Low_Poly_Survival/Models/Bed.fbx
  artifactKey: Guid(ea599db7ae265df43ba9efd8500ddaec) Importer(815301076,1909f56bfc062723c751e8b465ee728b)
Start importing Assets/Scenes/Low_Poly_Survival/Models/Bed.fbx using Guid(ea599db7ae265df43ba9efd8500ddaec) Importer(815301076,1909f56bfc062723c751e8b465ee728b)  -> (artifact id: '0030ba600638f8c425e7ff50eff2c181') in 0.025783 seconds
Number of updated asset objects reloaded before import = 0
Number of asset objects unloaded after import = 9
========================================================================
Received Import Request.
  Time since last request: 0.000096 seconds.
  path: Assets/Scenes/Low_Poly_Survival/Models/Bucket.fbx
  artifactKey: Guid(e16e33e25321cbd4bb41e326264f680f) Importer(815301076,1909f56bfc062723c751e8b465ee728b)
Start importing Assets/Scenes/Low_Poly_Survival/Models/Bucket.fbx using Guid(e16e33e25321cbd4bb41e326264f680f) Importer(815301076,1909f56bfc062723c751e8b465ee728b)  -> (artifact id: 'c47359f6748ba9599b58af4504286100') in 0.025777 seconds
Number of updated asset objects reloaded before import = 0
Number of asset objects unloaded after import = 8
========================================================================
Received Import Request.
  Time since last request: 0.000088 seconds.
  path: Assets/Level 1 Monster Pack/Prefabs/Bat/Bat_Green.prefab
  artifactKey: Guid(d82532fc4fd80bf4097d29efd331a0ff) Importer(815301076,1909f56bfc062723c751e8b465ee728b)
Start importing Assets/Level 1 Monster Pack/Prefabs/Bat/Bat_Green.prefab using Guid(d82532fc4fd80bf4097d29efd331a0ff) Importer(815301076,1909f56bfc062723c751e8b465ee728b)  -> (artifact id: '29d59668c0a9765ef3a5f741e927294a') in 0.016137 seconds
Number of updated asset objects reloaded before import = 0
Number of asset objects unloaded after import = 96
========================================================================
Received Import Request.
  Time since last request: 0.000076 seconds.
  path: Assets/Scenes/Low_Poly_Survival/Models/Instruments/Shovel.fbx
  artifactKey: Guid(fb6f15807b685ec418a1cb93e54a9177) Importer(815301076,1909f56bfc062723c751e8b465ee728b)
Start importing Assets/Scenes/Low_Poly_Survival/Models/Instruments/Shovel.fbx using Guid(fb6f15807b685ec418a1cb93e54a9177) Importer(815301076,1909f56bfc062723c751e8b465ee728b)  -> (artifact id: '6966905659ae50413dcc57e4ebd2af00') in 0.025761 seconds
Number of updated asset objects reloaded before import = 0
Number of asset objects unloaded after import = 9
========================================================================
Received Import Request.
  Time since last request: 0.000088 seconds.
  path: Assets/PQAssets/Query-Chan-SD/Props/03_Hokkaido/QueryCatsle/Models/Catsle_Lv04.fbx
  artifactKey: Guid(3b0ee283245f040f083a9ed4762dcd11) Importer(815301076,1909f56bfc062723c751e8b465ee728b)
Start importing Assets/PQAssets/Query-Chan-SD/Props/03_Hokkaido/QueryCatsle/Models/Catsle_Lv04.fbx using Guid(3b0ee283245f040f083a9ed4762dcd11) Importer(815301076,1909f56bfc062723c751e8b465ee728b)  -> (artifact id: '89ea4e755b5d786fd319a6fcb72f49dd') in 0.018767 seconds
Number of updated asset objects reloaded before import = 0
Number of asset objects unloaded after import = 11
========================================================================
Received Import Request.
  Time since last request: 0.000083 seconds.
  path: Assets/Scenes/Low_Poly_Survival/VFX/Fire.prefab
  artifactKey: Guid(2791b0cf5de68b44ab3298fb22a21fda) Importer(815301076,1909f56bfc062723c751e8b465ee728b)
Start importing Assets/Scenes/Low_Poly_Survival/VFX/Fire.prefab using Guid(2791b0cf5de68b44ab3298fb22a21fda) Importer(815301076,1909f56bfc062723c751e8b465ee728b)  -> (artifact id: 'c8530a536eb66172a35d76278bf3acb7') in 0.018903 seconds
Number of updated asset objects reloaded before import = 0
Number of asset objects unloaded after import = 14
========================================================================
Received Import Request.
  Time since last request: 0.000104 seconds.
  path: Assets/PQAssets/Query-Chan-SD/Props/99_ShowTime/Prefabs/DetectPanel.prefab
  artifactKey: Guid(c3593342104054e4a976f9076d317cb9) Importer(815301076,1909f56bfc062723c751e8b465ee728b)
Start importing Assets/PQAssets/Query-Chan-SD/Props/99_ShowTime/Prefabs/DetectPanel.prefab using Guid(c3593342104054e4a976f9076d317cb9) Importer(815301076,1909f56bfc062723c751e8b465ee728b)  -> (artifact id: 'c9ca196be4734066634a9b9038d22043') in 0.003498 seconds
Number of updated asset objects reloaded before import = 0
Number of asset objects unloaded after import = 8
========================================================================
Received Import Request.
  Time since last request: 0.000086 seconds.
  path: Assets/Scenes/Low_Poly_Survival/Models/Food/Mushroom_1.fbx
  artifactKey: Guid(a7be1a7335336e84f9e330a3b398a03b) Importer(815301076,1909f56bfc062723c751e8b465ee728b)
Start importing Assets/Scenes/Low_Poly_Survival/Models/Food/Mushroom_1.fbx using Guid(a7be1a7335336e84f9e330a3b398a03b) Importer(815301076,1909f56bfc062723c751e8b465ee728b)  -> (artifact id: 'ee1ace1fef3033a7528b4241f0887e4b') in 0.027460 seconds
Number of updated asset objects reloaded before import = 0
Number of asset objects unloaded after import = 8
========================================================================
Received Import Request.
  Time since last request: 0.000101 seconds.
  path: Assets/PQAssets/Query-Chan-SD/Props/02_Fukuoka/Dashi/Prefabs/Dashi_Dontaku_ver.prefab
  artifactKey: Guid(e2e2fbdb1850db7409de68d99f235a0b) Importer(815301076,1909f56bfc062723c751e8b465ee728b)
Start importing Assets/PQAssets/Query-Chan-SD/Props/02_Fukuoka/Dashi/Prefabs/Dashi_Dontaku_ver.prefab using Guid(e2e2fbdb1850db7409de68d99f235a0b) Importer(815301076,1909f56bfc062723c751e8b465ee728b)  -> (artifact id: '9453d7e2b2df108bb918eeab556f8270') in 0.018213 seconds
Number of updated asset objects reloaded before import = 0
Number of asset objects unloaded after import = 72
========================================================================
Received Import Request.
  Time since last request: 0.000114 seconds.
  path: Assets/Level 1 Monster Pack/Materials/Bat/Bat_Yellow.mat
  artifactKey: Guid(1b23dc953f3a9474490b7b8cfcdf896f) Importer(815301076,1909f56bfc062723c751e8b465ee728b)
Start importing Assets/Level 1 Monster Pack/Materials/Bat/Bat_Yellow.mat using Guid(1b23dc953f3a9474490b7b8cfcdf896f) Importer(815301076,1909f56bfc062723c751e8b465ee728b)  -> (artifact id: '6f2186de2b4a11e9efcada3dd02d3e06') in 0.014544 seconds
Number of updated asset objects reloaded before import = 0
Number of asset objects unloaded after import = 2
========================================================================
Received Import Request.
  Time since last request: 0.000122 seconds.
  path: Assets/Scenes/Low_Poly_Survival/Models/Plants/Grass_1.fbx
  artifactKey: Guid(9aef9122d28513d4baefc1a26adb78f5) Importer(815301076,1909f56bfc062723c751e8b465ee728b)
Start importing Assets/Scenes/Low_Poly_Survival/Models/Plants/Grass_1.fbx using Guid(9aef9122d28513d4baefc1a26adb78f5) Importer(815301076,1909f56bfc062723c751e8b465ee728b)  -> (artifact id: '26d4ef450305884a5c62066506d7b89a') in 0.026049 seconds
Number of updated asset objects reloaded before import = 0
Number of asset objects unloaded after import = 9
========================================================================
Received Import Request.
  Time since last request: 0.000098 seconds.
  path: Assets/Scenes/Low_Poly_Survival/Models/Food/Mushroom.fbx
  artifactKey: Guid(4b1afdfd371d8e840928668bfb90ec45) Importer(815301076,1909f56bfc062723c751e8b465ee728b)
Start importing Assets/Scenes/Low_Poly_Survival/Models/Food/Mushroom.fbx using Guid(4b1afdfd371d8e840928668bfb90ec45) Importer(815301076,1909f56bfc062723c751e8b465ee728b)  -> (artifact id: '32a7f43c2de857e19ed530a5397cae25') in 0.024301 seconds
Number of updated asset objects reloaded before import = 0
Number of asset objects unloaded after import = 8
========================================================================
Received Import Request.
  Time since last request: 0.000097 seconds.
  path: Assets/Scenes/Low_Poly_Survival/Models/Plants/Flower.fbx
  artifactKey: Guid(1832a81c83e2f8f488699a8ab6237703) Importer(815301076,1909f56bfc062723c751e8b465ee728b)
Start importing Assets/Scenes/Low_Poly_Survival/Models/Plants/Flower.fbx using Guid(1832a81c83e2f8f488699a8ab6237703) Importer(815301076,1909f56bfc062723c751e8b465ee728b)  -> (artifact id: '27b66cc43d2748e274d0246eeb24890c') in 0.023435 seconds
Number of updated asset objects reloaded before import = 0
Number of asset objects unloaded after import = 9
========================================================================
Received Import Request.
  Time since last request: 0.000092 seconds.
  path: Assets/Scenes/Low_Poly_Survival/Prefabs/Instruments/Ax Stone.prefab
  artifactKey: Guid(0169672840b1dde468fe8324a76ce492) Importer(815301076,1909f56bfc062723c751e8b465ee728b)
Start importing Assets/Scenes/Low_Poly_Survival/Prefabs/Instruments/Ax Stone.prefab using Guid(0169672840b1dde468fe8324a76ce492) Importer(815301076,1909f56bfc062723c751e8b465ee728b)  -> (artifact id: '262684375ccfcb556d7c3ff6c2218af6') in 0.010303 seconds
Number of updated asset objects reloaded before import = 0
Number of asset objects unloaded after import = 15
========================================================================
Received Import Request.
  Time since last request: 0.000067 seconds.
  path: Assets/Scenes/Low_Poly_Survival/Prefabs/Plants/Bush_1.prefab
  artifactKey: Guid(09fe9cce9bc547f46a74060f49bfe78b) Importer(815301076,1909f56bfc062723c751e8b465ee728b)
Start importing Assets/Scenes/Low_Poly_Survival/Prefabs/Plants/Bush_1.prefab using Guid(09fe9cce9bc547f46a74060f49bfe78b) Importer(815301076,1909f56bfc062723c751e8b465ee728b)  -> (artifact id: 'd7687b57e92574d74b03ff6d7b3ca78a') in 0.011151 seconds
Number of updated asset objects reloaded before import = 0
Number of asset objects unloaded after import = 10
========================================================================
Received Import Request.
  Time since last request: 0.000125 seconds.
  path: Assets/PQAssets/Query-Chan-SD/Props/02_Fukuoka/Chouchin/Models/Chouchin_A.fbx
  artifactKey: Guid(bd68865e08e2f9a4db9194f30646f4cc) Importer(815301076,1909f56bfc062723c751e8b465ee728b)
Start importing Assets/PQAssets/Query-Chan-SD/Props/02_Fukuoka/Chouchin/Models/Chouchin_A.fbx using Guid(bd68865e08e2f9a4db9194f30646f4cc) Importer(815301076,1909f56bfc062723c751e8b465ee728b)  -> (artifact id: '64631e4b42c49e14891038e3d54142d6') in 0.017132 seconds
Number of updated asset objects reloaded before import = 0
Number of asset objects unloaded after import = 11
========================================================================
Received Import Request.
  Time since last request: 0.000086 seconds.
  path: Assets/Scenes/Low_Poly_Survival/Models/Food/Bread.fbx
  artifactKey: Guid(83ca96011da87b747b8bcf4798c52102) Importer(815301076,1909f56bfc062723c751e8b465ee728b)
Start importing Assets/Scenes/Low_Poly_Survival/Models/Food/Bread.fbx using Guid(83ca96011da87b747b8bcf4798c52102) Importer(815301076,1909f56bfc062723c751e8b465ee728b)  -> (artifact id: '37151fb966b6f83d3ef6cf17b427485e') in 0.021126 seconds
Number of updated asset objects reloaded before import = 0
Number of asset objects unloaded after import = 9
========================================================================
Received Import Request.
  Time since last request: 0.000098 seconds.
  path: Assets/Scenes/Low_Poly_Survival/Models/Log.fbx
  artifactKey: Guid(2db629b639f248d4395dd2ea657d835a) Importer(815301076,1909f56bfc062723c751e8b465ee728b)
Start importing Assets/Scenes/Low_Poly_Survival/Models/Log.fbx using Guid(2db629b639f248d4395dd2ea657d835a) Importer(815301076,1909f56bfc062723c751e8b465ee728b)  -> (artifact id: '33a2581666d5d7817caf398eeab15fe4') in 0.021688 seconds
Number of updated asset objects reloaded before import = 0
Number of asset objects unloaded after import = 8
========================================================================
Received Import Request.
  Time since last request: 0.000080 seconds.
  path: Assets/Scenes/Low_Poly_Survival/Prefabs/Food/Canned food_Green.prefab
  artifactKey: Guid(788a22c20be421c4b8efc4354c1da0a5) Importer(815301076,1909f56bfc062723c751e8b465ee728b)
Start importing Assets/Scenes/Low_Poly_Survival/Prefabs/Food/Canned food_Green.prefab using Guid(788a22c20be421c4b8efc4354c1da0a5) Importer(815301076,1909f56bfc062723c751e8b465ee728b)  -> (artifact id: '669d2920c10d39ea3dc564209d9c6076') in 0.009833 seconds
Number of updated asset objects reloaded before import = 0
Number of asset objects unloaded after import = 14
========================================================================
Received Import Request.
  Time since last request: 0.000078 seconds.
  path: Assets/Scenes/Low_Poly_Survival/Prefabs/Instruments/Knife stone.prefab
  artifactKey: Guid(1f3c20bf41104034d92e2a7ddaf3d539) Importer(815301076,1909f56bfc062723c751e8b465ee728b)
Start importing Assets/Scenes/Low_Poly_Survival/Prefabs/Instruments/Knife stone.prefab using Guid(1f3c20bf41104034d92e2a7ddaf3d539) Importer(815301076,1909f56bfc062723c751e8b465ee728b)  -> (artifact id: 'fdbedb33e71a9b1fd765204f32fa3875') in 0.009402 seconds
Number of updated asset objects reloaded before import = 0
Number of asset objects unloaded after import = 15
========================================================================
Received Import Request.
  Time since last request: 0.000125 seconds.
  path: Assets/Scenes/Low_Poly_Survival/Models/Instruments/Ax Stone.fbx
  artifactKey: Guid(2693c744a015225458c286e2fbe26d08) Importer(815301076,1909f56bfc062723c751e8b465ee728b)
Start importing Assets/Scenes/Low_Poly_Survival/Models/Instruments/Ax Stone.fbx using Guid(2693c744a015225458c286e2fbe26d08) Importer(815301076,1909f56bfc062723c751e8b465ee728b)  -> (artifact id: 'f56c8f2f62d7b0e4cd0cc356433515b9') in 0.023310 seconds
Number of updated asset objects reloaded before import = 0
Number of asset objects unloaded after import = 9
========================================================================
Received Import Request.
  Time since last request: 0.000079 seconds.
  path: Assets/Scenes/Low_Poly_Survival/Models/Box_2.fbx
  artifactKey: Guid(b386b76ba5c54d64ea46c7bdcbc9f96e) Importer(815301076,1909f56bfc062723c751e8b465ee728b)
Start importing Assets/Scenes/Low_Poly_Survival/Models/Box_2.fbx using Guid(b386b76ba5c54d64ea46c7bdcbc9f96e) Importer(815301076,1909f56bfc062723c751e8b465ee728b)  -> (artifact id: '01b857b89970321632f68bd992a52330') in 0.025593 seconds
Number of updated asset objects reloaded before import = 0
Number of asset objects unloaded after import = 9
========================================================================
Received Import Request.
  Time since last request: 0.000099 seconds.
  path: Assets/Scenes/Low_Poly_Survival/Prefabs/Instruments/Metal ax.prefab
  artifactKey: Guid(cd967efc2f541224eac5ac2047968c19) Importer(815301076,1909f56bfc062723c751e8b465ee728b)
Start importing Assets/Scenes/Low_Poly_Survival/Prefabs/Instruments/Metal ax.prefab using Guid(cd967efc2f541224eac5ac2047968c19) Importer(815301076,1909f56bfc062723c751e8b465ee728b)  -> (artifact id: 'a80c5addfc37960ef368139c950f34cf') in 0.011061 seconds
Number of updated asset objects reloaded before import = 0
Number of asset objects unloaded after import = 15
========================================================================
Received Import Request.
  Time since last request: 0.000088 seconds.
  path: Assets/Scenes/Low_Poly_Survival/Models/Instruments/Metal ax.fbx
  artifactKey: Guid(ac91476d644068046952190b5686b19b) Importer(815301076,1909f56bfc062723c751e8b465ee728b)
Start importing Assets/Scenes/Low_Poly_Survival/Models/Instruments/Metal ax.fbx using Guid(ac91476d644068046952190b5686b19b) Importer(815301076,1909f56bfc062723c751e8b465ee728b)  -> (artifact id: '9912254967829fd3b3a51357696c21d4') in 0.022242 seconds
Number of updated asset objects reloaded before import = 0
Number of asset objects unloaded after import = 9
========================================================================
Received Import Request.
  Time since last request: 0.000109 seconds.
  path: Assets/Scenes/Low_Poly_Survival/Prefabs/Food/Mushroom_1.prefab
  artifactKey: Guid(75cf081ee4bb4be45b9d65b006a5a90e) Importer(815301076,1909f56bfc062723c751e8b465ee728b)
Start importing Assets/Scenes/Low_Poly_Survival/Prefabs/Food/Mushroom_1.prefab using Guid(75cf081ee4bb4be45b9d65b006a5a90e) Importer(815301076,1909f56bfc062723c751e8b465ee728b)  -> (artifact id: 'b4291c34358348e1fa52c3b0e5fd907c') in 0.009898 seconds
Number of updated asset objects reloaded before import = 0
Number of asset objects unloaded after import = 9
========================================================================
Received Import Request.
  Time since last request: 0.000108 seconds.
  path: Assets/Scenes/Low_Poly_Survival/Prefabs/Moduls/Beam.prefab
  artifactKey: Guid(0a71acc12832b7141a3a778c5c48a67a) Importer(815301076,1909f56bfc062723c751e8b465ee728b)
Start importing Assets/Scenes/Low_Poly_Survival/Prefabs/Moduls/Beam.prefab using Guid(0a71acc12832b7141a3a778c5c48a67a) Importer(815301076,1909f56bfc062723c751e8b465ee728b)  -> (artifact id: 'e31a1393dff22bf40faa855093d1ed23') in 0.009148 seconds
Number of updated asset objects reloaded before import = 0
Number of asset objects unloaded after import = 15
========================================================================
Received Import Request.
  Time since last request: 0.000084 seconds.
  path: Assets/PQAssets/Query-Chan-SD/Props/02_Fukuoka/Chouchin/Materials/mat_chouchin.mat
  artifactKey: Guid(9cf6d4006ff1acf43ba1ac439ef6e49f) Importer(815301076,1909f56bfc062723c751e8b465ee728b)
Start importing Assets/PQAssets/Query-Chan-SD/Props/02_Fukuoka/Chouchin/Materials/mat_chouchin.mat using Guid(9cf6d4006ff1acf43ba1ac439ef6e49f) Importer(815301076,1909f56bfc062723c751e8b465ee728b)  -> (artifact id: '19884c6ec529bf4b91fed42a8567c8ed') in 0.009554 seconds
Number of updated asset objects reloaded before import = 0
Number of asset objects unloaded after import = 2
========================================================================
Received Import Request.
  Time since last request: 0.000064 seconds.
  path: Assets/PQAssets/Query-Chan-SD/Props/02_Fukuoka/Human/Materials/mat_man_Female.mat
  artifactKey: Guid(9a5b4783de5557648b9d7f45e9a8edb8) Importer(815301076,1909f56bfc062723c751e8b465ee728b)
Start importing Assets/PQAssets/Query-Chan-SD/Props/02_Fukuoka/Human/Materials/mat_man_Female.mat using Guid(9a5b4783de5557648b9d7f45e9a8edb8) Importer(815301076,1909f56bfc062723c751e8b465ee728b)  -> (artifact id: 'f8e4de805b629dc69abd525d8ab2482c') in 0.010227 seconds
Number of updated asset objects reloaded before import = 0
Number of asset objects unloaded after import = 2
========================================================================
Received Import Request.
  Time since last request: 0.000192 seconds.
  path: Assets/Scenes/Low_Poly_Survival/Models/Plants/Cactus.fbx
  artifactKey: Guid(b7358c0db33686f4b9007a65691d1b0f) Importer(815301076,1909f56bfc062723c751e8b465ee728b)
Start importing Assets/Scenes/Low_Poly_Survival/Models/Plants/Cactus.fbx using Guid(b7358c0db33686f4b9007a65691d1b0f) Importer(815301076,1909f56bfc062723c751e8b465ee728b)  -> (artifact id: '2edde21f0b3d2560b9c83508b7c85386') in 0.021135 seconds
Number of updated asset objects reloaded before import = 0
Number of asset objects unloaded after import = 9
========================================================================
Received Import Request.
  Time since last request: 100.625609 seconds.
  path: Assets/Scenes/Low_Poly_Survival/Materials/VFX.mat
  artifactKey: Guid(2f0c87fc4007df248ab1366a29e42559) Importer(815301076,1909f56bfc062723c751e8b465ee728b)
Start importing Assets/Scenes/Low_Poly_Survival/Materials/VFX.mat using Guid(2f0c87fc4007df248ab1366a29e42559) Importer(815301076,1909f56bfc062723c751e8b465ee728b)  -> (artifact id: 'df7a9d7a40d105e191a0f007ba95d7ed') in 0.034402 seconds
Number of updated asset objects reloaded before import = 0
Number of asset objects unloaded after import = 2
========================================================================
Received Import Request.
  Time since last request: 1.034215 seconds.
  path: Assets/Scenes/Low_Poly_Survival/Models/Plate.fbx
  artifactKey: Guid(facaa2e459df4b84ca6f8b46d8b90f22) Importer(815301076,1909f56bfc062723c751e8b465ee728b)
Start importing Assets/Scenes/Low_Poly_Survival/Models/Plate.fbx using Guid(facaa2e459df4b84ca6f8b46d8b90f22) Importer(815301076,1909f56bfc062723c751e8b465ee728b)  -> (artifact id: 'f1944ee935a531dc63b8324a5ad7fc21') in 0.022704 seconds
Number of updated asset objects reloaded before import = 0
Number of asset objects unloaded after import = 8
========================================================================
Received Import Request.
  Time since last request: 0.000256 seconds.
  path: Assets/Scenes/Low_Poly_Survival/Models/Staircase.fbx
  artifactKey: Guid(990f5f91016c98a4bbb495b01b3cd328) Importer(815301076,1909f56bfc062723c751e8b465ee728b)
Start importing Assets/Scenes/Low_Poly_Survival/Models/Staircase.fbx using Guid(990f5f91016c98a4bbb495b01b3cd328) Importer(815301076,1909f56bfc062723c751e8b465ee728b)  -> (artifact id: '94c42d8994a161d363ea488979325574') in 0.030658 seconds
Number of updated asset objects reloaded before import = 0
Number of asset objects unloaded after import = 9
========================================================================
Received Import Request.
  Time since last request: 0.000075 seconds.
  path: Assets/Scenes/Low_Poly_Survival/Models/Stump.fbx
  artifactKey: Guid(015c964e36159d64c88a2bf91972d61b) Importer(815301076,1909f56bfc062723c751e8b465ee728b)
Start importing Assets/Scenes/Low_Poly_Survival/Models/Stump.fbx using Guid(015c964e36159d64c88a2bf91972d61b) Importer(815301076,1909f56bfc062723c751e8b465ee728b)  -> (artifact id: 'ac70c269937a1d9c478a75cee5048081') in 0.033657 seconds
Number of updated asset objects reloaded before import = 0
Number of asset objects unloaded after import = 9
========================================================================
Received Import Request.
  Time since last request: 0.000101 seconds.
  path: Assets/Scenes/Low_Poly_Survival/Models/Trap.fbx
  artifactKey: Guid(960635a0b8a27d8419996923eee03cba) Importer(815301076,1909f56bfc062723c751e8b465ee728b)
Start importing Assets/Scenes/Low_Poly_Survival/Models/Trap.fbx using Guid(960635a0b8a27d8419996923eee03cba) Importer(815301076,1909f56bfc062723c751e8b465ee728b)  -> (artifact id: 'aef386f71cd1b721dcb0165749ca56e3') in 0.023161 seconds
Number of updated asset objects reloaded before import = 0
Number of asset objects unloaded after import = 8
========================================================================
Received Import Request.
  Time since last request: 0.000079 seconds.
  path: Assets/Scenes/Low_Poly_Survival/Models/Tent.fbx
  artifactKey: Guid(d50e1716f4409734fbbe85f9cd2168ab) Importer(815301076,1909f56bfc062723c751e8b465ee728b)
Start importing Assets/Scenes/Low_Poly_Survival/Models/Tent.fbx using Guid(d50e1716f4409734fbbe85f9cd2168ab) Importer(815301076,1909f56bfc062723c751e8b465ee728b)  -> (artifact id: '2545c036cf8b047149554d279791f4b9') in 0.023188 seconds
Number of updated asset objects reloaded before import = 0
Number of asset objects unloaded after import = 9
========================================================================
Received Import Request.
  Time since last request: 0.000082 seconds.
  path: Assets/Scenes/Low_Poly_Survival/Models/Torch.fbx
  artifactKey: Guid(c04884c3d11913d44948da727ec1b3a7) Importer(815301076,1909f56bfc062723c751e8b465ee728b)
Start importing Assets/Scenes/Low_Poly_Survival/Models/Torch.fbx using Guid(c04884c3d11913d44948da727ec1b3a7) Importer(815301076,1909f56bfc062723c751e8b465ee728b)  -> (artifact id: '0b05714897e44776cd4ab2089fdf0bab') in 0.020860 seconds
Number of updated asset objects reloaded before import = 0
Number of asset objects unloaded after import = 8
========================================================================
Received Import Request.
  Time since last request: 0.000079 seconds.
  path: Assets/Scenes/Low_Poly_Survival/Models/Table.fbx
  artifactKey: Guid(5b4e3f7007c905e41a487a9529a467eb) Importer(815301076,1909f56bfc062723c751e8b465ee728b)
Start importing Assets/Scenes/Low_Poly_Survival/Models/Table.fbx using Guid(5b4e3f7007c905e41a487a9529a467eb) Importer(815301076,1909f56bfc062723c751e8b465ee728b)  -> (artifact id: 'f5bdbb9b674572b3b1fe7cb3e8920f8a') in 0.021781 seconds
Number of updated asset objects reloaded before import = 0
Number of asset objects unloaded after import = 9
========================================================================
Received Import Request.
  Time since last request: 0.000196 seconds.
  path: Assets/Scenes/Low_Poly_Survival/Models/Workbench.fbx
  artifactKey: Guid(8c2922ce922c6b141b22239a4a75d19e) Importer(815301076,1909f56bfc062723c751e8b465ee728b)
Start importing Assets/Scenes/Low_Poly_Survival/Models/Workbench.fbx using Guid(8c2922ce922c6b141b22239a4a75d19e) Importer(815301076,1909f56bfc062723c751e8b465ee728b)  -> (artifact id: '62390485657d7fe3c72404ddfe153c61') in 0.022640 seconds
Number of updated asset objects reloaded before import = 0
Number of asset objects unloaded after import = 9
========================================================================
Received Import Request.
  Time since last request: 0.000060 seconds.
  path: Assets/Scenes/Low_Poly_Survival/Models/Terrain.fbx
  artifactKey: Guid(21817218bc9ff6c4ab44e4c52cc4e824) Importer(815301076,1909f56bfc062723c751e8b465ee728b)
Start importing Assets/Scenes/Low_Poly_Survival/Models/Terrain.fbx using Guid(21817218bc9ff6c4ab44e4c52cc4e824) Importer(815301076,1909f56bfc062723c751e8b465ee728b)  -> (artifact id: '1350517c06e2abde2d6d62c8bb322e16') in 0.248329 seconds
Number of updated asset objects reloaded before import = 0
Number of asset objects unloaded after import = 9
========================================================================
Received Import Request.
  Time since last request: 17.477836 seconds.
  path: Assets/Tree_Textures/shadow.png
  artifactKey: Guid(918288c4717124a7eb71c506d23f4d93) Importer(815301076,1909f56bfc062723c751e8b465ee728b)
Start importing Assets/Tree_Textures/shadow.png using Guid(918288c4717124a7eb71c506d23f4d93) Importer(815301076,1909f56bfc062723c751e8b465ee728b)  -> (artifact id: '31a0608ce42415bd54f94fe80f34a511') in 0.017632 seconds
Number of updated asset objects reloaded before import = 0
Number of asset objects unloaded after import = 2
Editor requested this worker to shutdown with reason: Scaling down because of idle timeout
TcpMessagingSession - receive error: operation aborted. errorcode: 89, details: Operation aborted.
AssetImportWorker is now disconnected from the server
Process exiting
