Unity Editor version:    2022.3.12f1 (4fe6e059c7ef)
Branch:                  2022.3/release
Build type:              Release
Batch mode:              YES
macOS version:           Version 14.1.1 (Build 23B81)
Darwin version:          23.1.0
Architecture:            x86_64
Running under Rosetta:   NO
Available memory:        32768 MB
Using pre-set license
Pro License: YES

COMMAND LINE ARGUMENTS:
/Applications/Unity/Hub/Editor/2022.3.12f1/Unity.app/Contents/MacOS/Unity
-adb2
-batchMode
-noUpm
-name
AssetImportWorker3
-projectPath
/Users/shoin/Unity/IkinokoBattle
-logFile
Logs/AssetImportWorker3.log
-srvPort
52613
Successfully changed project path to: /Users/shoin/Unity/IkinokoBattle
/Users/shoin/Unity/IkinokoBattle
[UnityMemory] Configuration Parameters - Can be set up in boot.config
    "memorysetup-bucket-allocator-granularity=16"
    "memorysetup-bucket-allocator-bucket-count=8"
    "memorysetup-bucket-allocator-block-size=33554432"
    "memorysetup-bucket-allocator-block-count=8"
    "memorysetup-main-allocator-block-size=16777216"
    "memorysetup-thread-allocator-block-size=16777216"
    "memorysetup-gfx-main-allocator-block-size=16777216"
    "memorysetup-gfx-thread-allocator-block-size=16777216"
    "memorysetup-cache-allocator-block-size=4194304"
    "memorysetup-typetree-allocator-block-size=2097152"
    "memorysetup-profiler-bucket-allocator-granularity=16"
    "memorysetup-profiler-bucket-allocator-bucket-count=8"
    "memorysetup-profiler-bucket-allocator-block-size=33554432"
    "memorysetup-profiler-bucket-allocator-block-count=8"
    "memorysetup-profiler-allocator-block-size=16777216"
    "memorysetup-profiler-editor-allocator-block-size=1048576"
    "memorysetup-temp-allocator-size-main=16777216"
    "memorysetup-job-temp-allocator-block-size=2097152"
    "memorysetup-job-temp-allocator-block-size-background=1048576"
    "memorysetup-job-temp-allocator-reduction-small-platforms=262144"
    "memorysetup-allocator-temp-initial-block-size-main=262144"
    "memorysetup-allocator-temp-initial-block-size-worker=262144"
    "memorysetup-temp-allocator-size-background-worker=32768"
    "memorysetup-temp-allocator-size-job-worker=262144"
    "memorysetup-temp-allocator-size-preload-manager=33554432"
    "memorysetup-temp-allocator-size-nav-mesh-worker=65536"
    "memorysetup-temp-allocator-size-audio-worker=65536"
    "memorysetup-temp-allocator-size-cloud-worker=32768"
    "memorysetup-temp-allocator-size-gi-baking-worker=262144"
    "memorysetup-temp-allocator-size-gfx=262144"
Player connection [140704335297344] Host "[IP] 172.25.13.232 [Port] 0 [Flags] 2 [Guid] 3486192905 [EditorId] 3486192905 [Version] 1048832 [Id] OSXEditor(0,nishiharanoMacBook-Pro.local) [Debug] 1 [PackageName] OSXEditor [ProjectName] Editor" joined multi-casting on [225.0.0.222:54997]...

Player connection [140704335297344] Host "[IP] 172.25.13.232 [Port] 0 [Flags] 2 [Guid] 3486192905 [EditorId] 3486192905 [Version] 1048832 [Id] OSXEditor(0,nishiharanoMacBook-Pro.local) [Debug] 1 [PackageName] OSXEditor [ProjectName] Editor" joined alternative multi-casting on [225.0.0.222:34997]...

[Physics::Module] Initialized MultithreadedJobDispatcher with 15 workers.
Refreshing native plugins compatible for Editor in 6.62 ms, found 2 plugins.
Preloading 0 native plugins for Editor in 0.00 ms.
Initialize engine version: 2022.3.12f1 (4fe6e059c7ef)
[Subsystems] Discovering subsystems at path /Applications/Unity/Hub/Editor/2022.3.12f1/Unity.app/Contents/Resources/UnitySubsystems
[Subsystems] Discovering subsystems at path /Users/shoin/Unity/IkinokoBattle/Assets
GfxDevice: creating device client; threaded=0; jobified=0
Color LCD preferred device: AMD Radeon Pro 5500M (high power)
Metal devices available: 2
0: AMD Radeon Pro 5500M (high power)
1: Intel(R) UHD Graphics 630 (low power)
Using device AMD Radeon Pro 5500M (high power)
Initializing Metal device caps: AMD Radeon Pro 5500M
Initialize mono
Mono path[0] = '/Applications/Unity/Hub/Editor/2022.3.12f1/Unity.app/Contents/Managed'
Mono path[1] = '/Applications/Unity/Hub/Editor/2022.3.12f1/Unity.app/Contents/MonoBleedingEdge/lib/mono/unityjit-macos'
Mono config path = '/Applications/Unity/Hub/Editor/2022.3.12f1/Unity.app/Contents/MonoBleedingEdge/etc'
Using monoOptions --debugger-agent=transport=dt_socket,embedding=1,server=y,suspend=n,address=127.0.0.1:56873
Begin MonoManager ReloadAssembly
Registering precompiled unity dll's ...
Register platform support module: /Applications/Unity/Hub/Editor/2022.3.12f1/PlaybackEngines/WebGLSupport/UnityEditor.WebGL.Extensions.dll
Register platform support module: /Applications/Unity/Hub/Editor/2022.3.12f1/Unity.app/Contents/PlaybackEngines/MacStandaloneSupport/UnityEditor.OSXStandalone.Extensions.dll
Register platform support module: /Applications/Unity/Hub/Editor/2022.3.12f1/PlaybackEngines/WindowsStandaloneSupport/UnityEditor.WindowsStandalone.Extensions.dll
Registered in 0.003994 seconds.
- Loaded All Assemblies, in  0.694 seconds
Native extension for WindowsStandalone target not found
Native extension for OSXStandalone target not found
Native extension for WebGL target not found
Mono: successfully reloaded assembly
- Finished resetting the current domain, in  0.499 seconds
Domain Reload Profiling: 1194ms
	BeginReloadAssembly (178ms)
		ExecutionOrderSort (0ms)
		DisableScriptedObjects (0ms)
		BackupInstance (0ms)
		ReleaseScriptingObjects (0ms)
		CreateAndSetChildDomain (1ms)
	RebuildCommonClasses (90ms)
	RebuildNativeTypeToScriptingClass (21ms)
	initialDomainReloadingComplete (91ms)
	LoadAllAssembliesAndSetupDomain (314ms)
		LoadAssemblies (178ms)
		RebuildTransferFunctionScriptingTraits (0ms)
		AnalyzeDomain (311ms)
			TypeCache.Refresh (307ms)
				TypeCache.ScanAssembly (284ms)
			ScanForSourceGeneratedMonoScriptInfo (1ms)
			ResolveRequiredComponents (1ms)
	FinalizeReload (500ms)
		ReleaseScriptCaches (0ms)
		RebuildScriptCaches (0ms)
		SetupLoadedEditorAssemblies (381ms)
			LogAssemblyErrors (0ms)
			InitializePlatformSupportModulesInManaged (16ms)
			SetLoadedEditorAssemblies (12ms)
			RefreshPlugins (0ms)
			BeforeProcessingInitializeOnLoad (4ms)
			ProcessInitializeOnLoadAttributes (261ms)
			ProcessInitializeOnLoadMethodAttributes (88ms)
			AfterProcessingInitializeOnLoad (0ms)
			EditorAssembliesLoaded (0ms)
		ExecutionOrderSort2 (0ms)
		AwakeInstancesAfterBackupRestoration (0ms)
========================================================================
Worker process is ready to serve import requests
Begin MonoManager ReloadAssembly
- Loaded All Assemblies, in  1.215 seconds
Refreshing native plugins compatible for Editor in 2.13 ms, found 2 plugins.
Native extension for WindowsStandalone target not found
Native extension for OSXStandalone target not found
Native extension for WebGL target not found
Package Manager log level set to [2]
[Package Manager] Server::EnsureServerProcessIsRunning -- launch failed, reason: Unity was launched with the -noUpm command-line argument
[Package Manager] UpmClient::Send -- Unable to send message (not connected to UPM process).
[Package Manager] Cannot connect to Unity Package Manager local server
Mono: successfully reloaded assembly
- Finished resetting the current domain, in  1.006 seconds
Domain Reload Profiling: 2221ms
	BeginReloadAssembly (255ms)
		ExecutionOrderSort (0ms)
		DisableScriptedObjects (10ms)
		BackupInstance (0ms)
		ReleaseScriptingObjects (0ms)
		CreateAndSetChildDomain (40ms)
	RebuildCommonClasses (65ms)
	RebuildNativeTypeToScriptingClass (20ms)
	initialDomainReloadingComplete (65ms)
	LoadAllAssembliesAndSetupDomain (810ms)
		LoadAssemblies (612ms)
		RebuildTransferFunctionScriptingTraits (0ms)
		AnalyzeDomain (339ms)
			TypeCache.Refresh (296ms)
				TypeCache.ScanAssembly (271ms)
			ScanForSourceGeneratedMonoScriptInfo (27ms)
			ResolveRequiredComponents (12ms)
	FinalizeReload (1007ms)
		ReleaseScriptCaches (0ms)
		RebuildScriptCaches (0ms)
		SetupLoadedEditorAssemblies (730ms)
			LogAssemblyErrors (0ms)
			InitializePlatformSupportModulesInManaged (9ms)
			SetLoadedEditorAssemblies (6ms)
			RefreshPlugins (0ms)
			BeforeProcessingInitializeOnLoad (80ms)
			ProcessInitializeOnLoadAttributes (602ms)
			ProcessInitializeOnLoadMethodAttributes (31ms)
			AfterProcessingInitializeOnLoad (2ms)
			EditorAssembliesLoaded (0ms)
		ExecutionOrderSort2 (0ms)
		AwakeInstancesAfterBackupRestoration (6ms)
Launching external process: /Applications/Unity/Hub/Editor/2022.3.12f1/Unity.app/Contents/Tools/UnityShaderCompiler
Launched and connected shader compiler UnityShaderCompiler after 0.11 seconds
Refreshing native plugins compatible for Editor in 2.29 ms, found 2 plugins.
Preloading 0 native plugins for Editor in 0.00 ms.
Unloading 3505 Unused Serialized files (Serialized files now loaded: 0)
Unloading 52 unused Assets / (454.9 KB). Loaded Objects now: 3995.
Memory consumption went from 198.6 MB to 198.2 MB.
Total: 5.612725 ms (FindLiveObjects: 0.419785 ms CreateObjectMapping: 0.390494 ms MarkObjects: 4.521931 ms  DeleteObjects: 0.279172 ms)

AssetImportParameters requested are different than current active one (requested -> active):
  custom:container-demuxer-ogg: 62fdf1f143b41e24485cea50d1cbac27 -> 
  custom:video-decoder-ogg-theora: a1e56fd34408186e4bbccfd4996cb3dc -> 
  custom:CustomObjectIndexerAttribute: 756ad292c208cfabdd7b50bc23989ffe -> 
  custom:container-demuxer-webm: 4f35f7cbe854078d1ac9338744f61a02 -> 
  custom:container-muxer-webm: aa71ff27fc2769a1b78a27578f13a17b -> 
  custom:video-decoder-webm-vp8: 9c59270c3fd7afecdb556c50c9e8de78 -> 
  custom:SearchIndexIgnoredProperties: e643bd26f0fe6173181afceb89e7c659 -> 
  custom:AudioImporter_EditorPlatform: 3918e3fc78b5a79bad01e8451be0beb8 -> 
  custom:framework-osx-AVFoundation: e770b220cccbd017edd2c1fefb359320 -> 
  custom:video-encoder-webm-vp8: eb34c28f22e8b96e1ab97ce403110664 -> 
  custom:audio-decoder-ogg-vorbis: bf7c407c2cedff20999df2af8eb42d56 -> 
  custom:audio-encoder-webm-vorbis: bf7c407c2cedff20999df2af8eb42d56 -> 
========================================================================
Received Import Request.
  Time since last request: 11987.564282 seconds.
  path: Assets/#NVJOB Water Shaders V2/Example Scenes/Environment/Sound/Sound.ogg
  artifactKey: Guid(cbf1eb4627d04d8c92dbe6de3c6633d0) Importer(815301076,1909f56bfc062723c751e8b465ee728b)
Start importing Assets/#NVJOB Water Shaders V2/Example Scenes/Environment/Sound/Sound.ogg using Guid(cbf1eb4627d04d8c92dbe6de3c6633d0) Importer(815301076,1909f56bfc062723c751e8b465ee728b)  -> (artifact id: '4304a32baf54397869a54e4782e21446') in 0.289640 seconds
Number of updated asset objects reloaded before import = 0
Number of asset objects unloaded after import = 2
========================================================================
Received Prepare
Begin MonoManager ReloadAssembly
- Loaded All Assemblies, in  0.790 seconds
Refreshing native plugins compatible for Editor in 2.23 ms, found 2 plugins.
Native extension for WindowsStandalone target not found
Native extension for OSXStandalone target not found
Native extension for WebGL target not found
[Package Manager] Server::EnsureServerProcessIsRunning -- launch failed, reason: Unity was launched with the -noUpm command-line argument
[Package Manager] UpmClient::Send -- Unable to send message (not connected to UPM process).
[Package Manager] Cannot connect to Unity Package Manager local server
Mono: successfully reloaded assembly
- Finished resetting the current domain, in  1.759 seconds
Domain Reload Profiling: 2549ms
	BeginReloadAssembly (228ms)
		ExecutionOrderSort (0ms)
		DisableScriptedObjects (9ms)
		BackupInstance (0ms)
		ReleaseScriptingObjects (0ms)
		CreateAndSetChildDomain (73ms)
	RebuildCommonClasses (68ms)
	RebuildNativeTypeToScriptingClass (22ms)
	initialDomainReloadingComplete (40ms)
	LoadAllAssembliesAndSetupDomain (431ms)
		LoadAssemblies (491ms)
		RebuildTransferFunctionScriptingTraits (0ms)
		AnalyzeDomain (46ms)
			TypeCache.Refresh (17ms)
				TypeCache.ScanAssembly (5ms)
			ScanForSourceGeneratedMonoScriptInfo (12ms)
			ResolveRequiredComponents (13ms)
	FinalizeReload (1760ms)
		ReleaseScriptCaches (0ms)
		RebuildScriptCaches (0ms)
		SetupLoadedEditorAssemblies (649ms)
			LogAssemblyErrors (0ms)
			InitializePlatformSupportModulesInManaged (9ms)
			SetLoadedEditorAssemblies (6ms)
			RefreshPlugins (0ms)
			BeforeProcessingInitializeOnLoad (82ms)
			ProcessInitializeOnLoadAttributes (519ms)
			ProcessInitializeOnLoadMethodAttributes (31ms)
			AfterProcessingInitializeOnLoad (2ms)
			EditorAssembliesLoaded (0ms)
		ExecutionOrderSort2 (0ms)
		AwakeInstancesAfterBackupRestoration (6ms)
Refreshing native plugins compatible for Editor in 2.41 ms, found 2 plugins.
Preloading 0 native plugins for Editor in 0.00 ms.
Unloading 3449 Unused Serialized files (Serialized files now loaded: 0)
Unloading 31 unused Assets / (432.0 KB). Loaded Objects now: 4020.
Memory consumption went from 192.5 MB to 192.1 MB.
Total: 4.740946 ms (FindLiveObjects: 0.335758 ms CreateObjectMapping: 0.305598 ms MarkObjects: 3.871882 ms  DeleteObjects: 0.226625 ms)

Prepare: number of updated asset objects reloaded= 0
AssetImportParameters requested are different than current active one (requested -> active):
  custom:container-demuxer-ogg: 62fdf1f143b41e24485cea50d1cbac27 -> 
  custom:video-decoder-ogg-theora: a1e56fd34408186e4bbccfd4996cb3dc -> 
  custom:CustomObjectIndexerAttribute: 756ad292c208cfabdd7b50bc23989ffe -> 
  custom:container-demuxer-webm: 4f35f7cbe854078d1ac9338744f61a02 -> 
  custom:container-muxer-webm: aa71ff27fc2769a1b78a27578f13a17b -> 
  custom:video-decoder-webm-vp8: 9c59270c3fd7afecdb556c50c9e8de78 -> 
  custom:SearchIndexIgnoredProperties: e643bd26f0fe6173181afceb89e7c659 -> 
  custom:AudioImporter_EditorPlatform: 3918e3fc78b5a79bad01e8451be0beb8 -> 
  custom:framework-osx-AVFoundation: e770b220cccbd017edd2c1fefb359320 -> 
  custom:video-encoder-webm-vp8: eb34c28f22e8b96e1ab97ce403110664 -> 
  custom:audio-decoder-ogg-vorbis: bf7c407c2cedff20999df2af8eb42d56 -> 
  custom:audio-encoder-webm-vorbis: bf7c407c2cedff20999df2af8eb42d56 -> 
========================================================================
Received Prepare
Begin MonoManager ReloadAssembly
- Loaded All Assemblies, in  0.708 seconds
Refreshing native plugins compatible for Editor in 2.07 ms, found 2 plugins.
Native extension for WindowsStandalone target not found
Native extension for OSXStandalone target not found
Native extension for WebGL target not found
[Package Manager] Server::EnsureServerProcessIsRunning -- launch failed, reason: Unity was launched with the -noUpm command-line argument
[Package Manager] UpmClient::Send -- Unable to send message (not connected to UPM process).
[Package Manager] Cannot connect to Unity Package Manager local server
Mono: successfully reloaded assembly
- Finished resetting the current domain, in  1.209 seconds
Domain Reload Profiling: 1917ms
	BeginReloadAssembly (210ms)
		ExecutionOrderSort (0ms)
		DisableScriptedObjects (9ms)
		BackupInstance (0ms)
		ReleaseScriptingObjects (0ms)
		CreateAndSetChildDomain (69ms)
	RebuildCommonClasses (62ms)
	RebuildNativeTypeToScriptingClass (20ms)
	initialDomainReloadingComplete (38ms)
	LoadAllAssembliesAndSetupDomain (377ms)
		LoadAssemblies (437ms)
		RebuildTransferFunctionScriptingTraits (0ms)
		AnalyzeDomain (31ms)
			TypeCache.Refresh (9ms)
				TypeCache.ScanAssembly (0ms)
			ScanForSourceGeneratedMonoScriptInfo (0ms)
			ResolveRequiredComponents (13ms)
	FinalizeReload (1209ms)
		ReleaseScriptCaches (0ms)
		RebuildScriptCaches (0ms)
		SetupLoadedEditorAssemblies (645ms)
			LogAssemblyErrors (0ms)
			InitializePlatformSupportModulesInManaged (9ms)
			SetLoadedEditorAssemblies (6ms)
			RefreshPlugins (0ms)
			BeforeProcessingInitializeOnLoad (81ms)
			ProcessInitializeOnLoadAttributes (517ms)
			ProcessInitializeOnLoadMethodAttributes (31ms)
			AfterProcessingInitializeOnLoad (2ms)
			EditorAssembliesLoaded (0ms)
		ExecutionOrderSort2 (0ms)
		AwakeInstancesAfterBackupRestoration (6ms)
Refreshing native plugins compatible for Editor in 2.10 ms, found 2 plugins.
Preloading 0 native plugins for Editor in 0.00 ms.
Unloading 3450 Unused Serialized files (Serialized files now loaded: 0)
Unloading 31 unused Assets / (432.2 KB). Loaded Objects now: 4035.
Memory consumption went from 197.1 MB to 196.7 MB.
Total: 4.528617 ms (FindLiveObjects: 0.334169 ms CreateObjectMapping: 0.302572 ms MarkObjects: 3.715461 ms  DeleteObjects: 0.175530 ms)

Prepare: number of updated asset objects reloaded= 0
AssetImportParameters requested are different than current active one (requested -> active):
  custom:container-demuxer-ogg: 62fdf1f143b41e24485cea50d1cbac27 -> 
  custom:video-decoder-ogg-theora: a1e56fd34408186e4bbccfd4996cb3dc -> 
  custom:CustomObjectIndexerAttribute: 756ad292c208cfabdd7b50bc23989ffe -> 
  custom:container-demuxer-webm: 4f35f7cbe854078d1ac9338744f61a02 -> 
  custom:container-muxer-webm: aa71ff27fc2769a1b78a27578f13a17b -> 
  custom:video-decoder-webm-vp8: 9c59270c3fd7afecdb556c50c9e8de78 -> 
  custom:SearchIndexIgnoredProperties: e643bd26f0fe6173181afceb89e7c659 -> 
  custom:AudioImporter_EditorPlatform: 3918e3fc78b5a79bad01e8451be0beb8 -> 
  custom:framework-osx-AVFoundation: e770b220cccbd017edd2c1fefb359320 -> 
  custom:video-encoder-webm-vp8: eb34c28f22e8b96e1ab97ce403110664 -> 
  custom:audio-decoder-ogg-vorbis: bf7c407c2cedff20999df2af8eb42d56 -> 
  custom:audio-encoder-webm-vorbis: bf7c407c2cedff20999df2af8eb42d56 -> 
========================================================================
Received Import Request.
  Time since last request: 188.943386 seconds.
  path: 
  artifactKey: Guid(3946fb44f471d4708a5352d8c438fe4c) Importer(815301076,1909f56bfc062723c751e8b465ee728b)
Start importing  using Guid(3946fb44f471d4708a5352d8c438fe4c) Importer(815301076,1909f56bfc062723c751e8b465ee728b)  -> (artifact id: '00000000000000000000000000000000') in 0.000055 seconds
Import Error Code:(3)
Message: Unknown asset with GUID '3946fb44f471d4708a5352d8c438fe4c'
  ERROR: Unknown asset with GUID '3946fb44f471d4708a5352d8c438fe4c'
Number of updated asset objects reloaded before import = 0
Number of asset objects unloaded after import = 0
========================================================================
Received Import Request.
  Time since last request: 0.000054 seconds.
  path: Assets/PQAssets/Query-Chan-SD/Sounds/Voice/01_Greetings/Greeting_01.wav
  artifactKey: Guid(74985816ad9ed4118a0bb19aaa3d6486) Importer(815301076,1909f56bfc062723c751e8b465ee728b)
Start importing Assets/PQAssets/Query-Chan-SD/Sounds/Voice/01_Greetings/Greeting_01.wav using Guid(74985816ad9ed4118a0bb19aaa3d6486) Importer(815301076,1909f56bfc062723c751e8b465ee728b)  -> (artifact id: 'ba1180963bfa945f7c0ed3f5658e8806') in 0.077071 seconds
Number of updated asset objects reloaded before import = 0
Number of asset objects unloaded after import = 2
========================================================================
Received Import Request.
  Time since last request: 0.000190 seconds.
  path: 
  artifactKey: Guid(44a86749c1b5a4c29809ca122f9e0851) Importer(815301076,1909f56bfc062723c751e8b465ee728b)
Start importing  using Guid(44a86749c1b5a4c29809ca122f9e0851) Importer(815301076,1909f56bfc062723c751e8b465ee728b)  -> (artifact id: '00000000000000000000000000000000') in 0.000045 seconds
Import Error Code:(3)
Message: Unknown asset with GUID '44a86749c1b5a4c29809ca122f9e0851'
  ERROR: Unknown asset with GUID '44a86749c1b5a4c29809ca122f9e0851'
Number of updated asset objects reloaded before import = 0
Number of asset objects unloaded after import = 0
========================================================================
Received Import Request.
  Time since last request: 0.012986 seconds.
  path: 
  artifactKey: Guid(3946fb44f471d4708a5352d8c438fe4c) Importer(815301076,1909f56bfc062723c751e8b465ee728b)
Start importing  using Guid(3946fb44f471d4708a5352d8c438fe4c) Importer(815301076,1909f56bfc062723c751e8b465ee728b)  -> (artifact id: '00000000000000000000000000000000') in 0.000053 seconds
Import Error Code:(3)
Message: Unknown asset with GUID '3946fb44f471d4708a5352d8c438fe4c'
  ERROR: Unknown asset with GUID '3946fb44f471d4708a5352d8c438fe4c'
Number of updated asset objects reloaded before import = 0
Number of asset objects unloaded after import = 0
========================================================================
Received Import Request.
  Time since last request: 0.000229 seconds.
  path: 
  artifactKey: Guid(b138211d183c6414cbfb2e7c33c73d2b) Importer(815301076,1909f56bfc062723c751e8b465ee728b)
Start importing  using Guid(b138211d183c6414cbfb2e7c33c73d2b) Importer(815301076,1909f56bfc062723c751e8b465ee728b)  -> (artifact id: '00000000000000000000000000000000') in 0.000036 seconds
Import Error Code:(3)
Message: Unknown asset with GUID 'b138211d183c6414cbfb2e7c33c73d2b'
  ERROR: Unknown asset with GUID 'b138211d183c6414cbfb2e7c33c73d2b'
Number of updated asset objects reloaded before import = 0
Number of asset objects unloaded after import = 0
========================================================================
Received Import Request.
  Time since last request: 0.000219 seconds.
  path: 
  artifactKey: Guid(674ba9c039f454342928cf218adb93f7) Importer(815301076,1909f56bfc062723c751e8b465ee728b)
Start importing  using Guid(674ba9c039f454342928cf218adb93f7) Importer(815301076,1909f56bfc062723c751e8b465ee728b)  -> (artifact id: '00000000000000000000000000000000') in 0.000058 seconds
Import Error Code:(3)
Message: Unknown asset with GUID '674ba9c039f454342928cf218adb93f7'
  ERROR: Unknown asset with GUID '674ba9c039f454342928cf218adb93f7'
Number of updated asset objects reloaded before import = 0
Number of asset objects unloaded after import = 0
========================================================================
Received Import Request.
  Time since last request: 0.077180 seconds.
  path: 
  artifactKey: Guid(3946fb44f471d4708a5352d8c438fe4c) Importer(815301076,1909f56bfc062723c751e8b465ee728b)
Start importing  using Guid(3946fb44f471d4708a5352d8c438fe4c) Importer(815301076,1909f56bfc062723c751e8b465ee728b)  -> (artifact id: '00000000000000000000000000000000') in 0.000050 seconds
Import Error Code:(3)
Message: Unknown asset with GUID '3946fb44f471d4708a5352d8c438fe4c'
  ERROR: Unknown asset with GUID '3946fb44f471d4708a5352d8c438fe4c'
Number of updated asset objects reloaded before import = 0
Number of asset objects unloaded after import = 0
========================================================================
Received Import Request.
  Time since last request: 0.000415 seconds.
  path: 
  artifactKey: Guid(316d930652a71462aafe7443e836c961) Importer(815301076,1909f56bfc062723c751e8b465ee728b)
Start importing  using Guid(316d930652a71462aafe7443e836c961) Importer(815301076,1909f56bfc062723c751e8b465ee728b)  -> (artifact id: '00000000000000000000000000000000') in 0.000058 seconds
Import Error Code:(3)
Message: Unknown asset with GUID '316d930652a71462aafe7443e836c961'
  ERROR: Unknown asset with GUID '316d930652a71462aafe7443e836c961'
Number of updated asset objects reloaded before import = 0
Number of asset objects unloaded after import = 0
========================================================================
Received Import Request.
  Time since last request: 0.000255 seconds.
  path: 
  artifactKey: Guid(674ba9c039f454342928cf218adb93f7) Importer(815301076,1909f56bfc062723c751e8b465ee728b)
Start importing  using Guid(674ba9c039f454342928cf218adb93f7) Importer(815301076,1909f56bfc062723c751e8b465ee728b)  -> (artifact id: '00000000000000000000000000000000') in 0.000044 seconds
Import Error Code:(3)
Message: Unknown asset with GUID '674ba9c039f454342928cf218adb93f7'
  ERROR: Unknown asset with GUID '674ba9c039f454342928cf218adb93f7'
Number of updated asset objects reloaded before import = 0
Number of asset objects unloaded after import = 0
========================================================================
Received Import Request.
  Time since last request: 0.063307 seconds.
  path: 
  artifactKey: Guid(3946fb44f471d4708a5352d8c438fe4c) Importer(815301076,1909f56bfc062723c751e8b465ee728b)
Start importing  using Guid(3946fb44f471d4708a5352d8c438fe4c) Importer(815301076,1909f56bfc062723c751e8b465ee728b)  -> (artifact id: '00000000000000000000000000000000') in 0.000060 seconds
Import Error Code:(3)
Message: Unknown asset with GUID '3946fb44f471d4708a5352d8c438fe4c'
  ERROR: Unknown asset with GUID '3946fb44f471d4708a5352d8c438fe4c'
Number of updated asset objects reloaded before import = 0
Number of asset objects unloaded after import = 0
========================================================================
Received Import Request.
  Time since last request: 0.000424 seconds.
  path: 
  artifactKey: Guid(316d930652a71462aafe7443e836c961) Importer(815301076,1909f56bfc062723c751e8b465ee728b)
Start importing  using Guid(316d930652a71462aafe7443e836c961) Importer(815301076,1909f56bfc062723c751e8b465ee728b)  -> (artifact id: '00000000000000000000000000000000') in 0.000057 seconds
Import Error Code:(3)
Message: Unknown asset with GUID '316d930652a71462aafe7443e836c961'
  ERROR: Unknown asset with GUID '316d930652a71462aafe7443e836c961'
Number of updated asset objects reloaded before import = 0
Number of asset objects unloaded after import = 0
========================================================================
Received Import Request.
  Time since last request: 0.000261 seconds.
  path: 
  artifactKey: Guid(674ba9c039f454342928cf218adb93f7) Importer(815301076,1909f56bfc062723c751e8b465ee728b)
Start importing  using Guid(674ba9c039f454342928cf218adb93f7) Importer(815301076,1909f56bfc062723c751e8b465ee728b)  -> (artifact id: '00000000000000000000000000000000') in 0.000058 seconds
Import Error Code:(3)
Message: Unknown asset with GUID '674ba9c039f454342928cf218adb93f7'
  ERROR: Unknown asset with GUID '674ba9c039f454342928cf218adb93f7'
Number of updated asset objects reloaded before import = 0
Number of asset objects unloaded after import = 0
========================================================================
Received Import Request.
  Time since last request: 0.060258 seconds.
  path: 
  artifactKey: Guid(3946fb44f471d4708a5352d8c438fe4c) Importer(815301076,1909f56bfc062723c751e8b465ee728b)
Start importing  using Guid(3946fb44f471d4708a5352d8c438fe4c) Importer(815301076,1909f56bfc062723c751e8b465ee728b)  -> (artifact id: '00000000000000000000000000000000') in 0.000058 seconds
Import Error Code:(3)
Message: Unknown asset with GUID '3946fb44f471d4708a5352d8c438fe4c'
  ERROR: Unknown asset with GUID '3946fb44f471d4708a5352d8c438fe4c'
Number of updated asset objects reloaded before import = 0
Number of asset objects unloaded after import = 0
========================================================================
Received Import Request.
  Time since last request: 0.000409 seconds.
  path: 
  artifactKey: Guid(316d930652a71462aafe7443e836c961) Importer(815301076,1909f56bfc062723c751e8b465ee728b)
Start importing  using Guid(316d930652a71462aafe7443e836c961) Importer(815301076,1909f56bfc062723c751e8b465ee728b)  -> (artifact id: '00000000000000000000000000000000') in 0.000072 seconds
Import Error Code:(3)
Message: Unknown asset with GUID '316d930652a71462aafe7443e836c961'
  ERROR: Unknown asset with GUID '316d930652a71462aafe7443e836c961'
Number of updated asset objects reloaded before import = 0
Number of asset objects unloaded after import = 0
========================================================================
Received Import Request.
  Time since last request: 0.000221 seconds.
  path: 
  artifactKey: Guid(674ba9c039f454342928cf218adb93f7) Importer(815301076,1909f56bfc062723c751e8b465ee728b)
Start importing  using Guid(674ba9c039f454342928cf218adb93f7) Importer(815301076,1909f56bfc062723c751e8b465ee728b)  -> (artifact id: '00000000000000000000000000000000') in 0.000055 seconds
Import Error Code:(3)
Message: Unknown asset with GUID '674ba9c039f454342928cf218adb93f7'
  ERROR: Unknown asset with GUID '674ba9c039f454342928cf218adb93f7'
Number of updated asset objects reloaded before import = 0
Number of asset objects unloaded after import = 0
========================================================================
Received Import Request.
  Time since last request: 0.004868 seconds.
  path: 
  artifactKey: Guid(3946fb44f471d4708a5352d8c438fe4c) Importer(815301076,1909f56bfc062723c751e8b465ee728b)
Start importing  using Guid(3946fb44f471d4708a5352d8c438fe4c) Importer(815301076,1909f56bfc062723c751e8b465ee728b)  -> (artifact id: '00000000000000000000000000000000') in 0.000045 seconds
Import Error Code:(3)
Message: Unknown asset with GUID '3946fb44f471d4708a5352d8c438fe4c'
  ERROR: Unknown asset with GUID '3946fb44f471d4708a5352d8c438fe4c'
Number of updated asset objects reloaded before import = 0
Number of asset objects unloaded after import = 0
========================================================================
Received Import Request.
  Time since last request: 0.000558 seconds.
  path: 
  artifactKey: Guid(316d930652a71462aafe7443e836c961) Importer(815301076,1909f56bfc062723c751e8b465ee728b)
Start importing  using Guid(316d930652a71462aafe7443e836c961) Importer(815301076,1909f56bfc062723c751e8b465ee728b)  -> (artifact id: '00000000000000000000000000000000') in 0.000050 seconds
Import Error Code:(3)
Message: Unknown asset with GUID '316d930652a71462aafe7443e836c961'
  ERROR: Unknown asset with GUID '316d930652a71462aafe7443e836c961'
Number of updated asset objects reloaded before import = 0
Number of asset objects unloaded after import = 0
========================================================================
Received Import Request.
  Time since last request: 0.000273 seconds.
  path: 
  artifactKey: Guid(674ba9c039f454342928cf218adb93f7) Importer(815301076,1909f56bfc062723c751e8b465ee728b)
Start importing  using Guid(674ba9c039f454342928cf218adb93f7) Importer(815301076,1909f56bfc062723c751e8b465ee728b)  -> (artifact id: '00000000000000000000000000000000') in 0.000045 seconds
Import Error Code:(3)
Message: Unknown asset with GUID '674ba9c039f454342928cf218adb93f7'
  ERROR: Unknown asset with GUID '674ba9c039f454342928cf218adb93f7'
Number of updated asset objects reloaded before import = 0
Number of asset objects unloaded after import = 0
========================================================================
Received Import Request.
  Time since last request: 0.041147 seconds.
  path: 
  artifactKey: Guid(3946fb44f471d4708a5352d8c438fe4c) Importer(815301076,1909f56bfc062723c751e8b465ee728b)
Start importing  using Guid(3946fb44f471d4708a5352d8c438fe4c) Importer(815301076,1909f56bfc062723c751e8b465ee728b)  -> (artifact id: '00000000000000000000000000000000') in 0.000052 seconds
Import Error Code:(3)
Message: Unknown asset with GUID '3946fb44f471d4708a5352d8c438fe4c'
  ERROR: Unknown asset with GUID '3946fb44f471d4708a5352d8c438fe4c'
Number of updated asset objects reloaded before import = 0
Number of asset objects unloaded after import = 0
========================================================================
Received Import Request.
  Time since last request: 0.000309 seconds.
  path: 
  artifactKey: Guid(316d930652a71462aafe7443e836c961) Importer(815301076,1909f56bfc062723c751e8b465ee728b)
Start importing  using Guid(316d930652a71462aafe7443e836c961) Importer(815301076,1909f56bfc062723c751e8b465ee728b)  -> (artifact id: '00000000000000000000000000000000') in 0.000046 seconds
Import Error Code:(3)
Message: Unknown asset with GUID '316d930652a71462aafe7443e836c961'
  ERROR: Unknown asset with GUID '316d930652a71462aafe7443e836c961'
Number of updated asset objects reloaded before import = 0
Number of asset objects unloaded after import = 0
========================================================================
Received Import Request.
  Time since last request: 0.000201 seconds.
  path: 
  artifactKey: Guid(674ba9c039f454342928cf218adb93f7) Importer(815301076,1909f56bfc062723c751e8b465ee728b)
Start importing  using Guid(674ba9c039f454342928cf218adb93f7) Importer(815301076,1909f56bfc062723c751e8b465ee728b)  -> (artifact id: '00000000000000000000000000000000') in 0.000056 seconds
Import Error Code:(3)
Message: Unknown asset with GUID '674ba9c039f454342928cf218adb93f7'
  ERROR: Unknown asset with GUID '674ba9c039f454342928cf218adb93f7'
Number of updated asset objects reloaded before import = 0
Number of asset objects unloaded after import = 0
========================================================================
Received Import Request.
  Time since last request: 0.040476 seconds.
  path: 
  artifactKey: Guid(3946fb44f471d4708a5352d8c438fe4c) Importer(815301076,1909f56bfc062723c751e8b465ee728b)
Start importing  using Guid(3946fb44f471d4708a5352d8c438fe4c) Importer(815301076,1909f56bfc062723c751e8b465ee728b)  -> (artifact id: '00000000000000000000000000000000') in 0.000076 seconds
Import Error Code:(3)
Message: Unknown asset with GUID '3946fb44f471d4708a5352d8c438fe4c'
  ERROR: Unknown asset with GUID '3946fb44f471d4708a5352d8c438fe4c'
Number of updated asset objects reloaded before import = 0
Number of asset objects unloaded after import = 0
========================================================================
Received Import Request.
  Time since last request: 0.000413 seconds.
  path: 
  artifactKey: Guid(316d930652a71462aafe7443e836c961) Importer(815301076,1909f56bfc062723c751e8b465ee728b)
Start importing  using Guid(316d930652a71462aafe7443e836c961) Importer(815301076,1909f56bfc062723c751e8b465ee728b)  -> (artifact id: '00000000000000000000000000000000') in 0.000064 seconds
Import Error Code:(3)
Message: Unknown asset with GUID '316d930652a71462aafe7443e836c961'
  ERROR: Unknown asset with GUID '316d930652a71462aafe7443e836c961'
Number of updated asset objects reloaded before import = 0
Number of asset objects unloaded after import = 0
========================================================================
Received Import Request.
  Time since last request: 0.000211 seconds.
  path: 
  artifactKey: Guid(674ba9c039f454342928cf218adb93f7) Importer(815301076,1909f56bfc062723c751e8b465ee728b)
Start importing  using Guid(674ba9c039f454342928cf218adb93f7) Importer(815301076,1909f56bfc062723c751e8b465ee728b)  -> (artifact id: '00000000000000000000000000000000') in 0.000052 seconds
Import Error Code:(3)
Message: Unknown asset with GUID '674ba9c039f454342928cf218adb93f7'
  ERROR: Unknown asset with GUID '674ba9c039f454342928cf218adb93f7'
Number of updated asset objects reloaded before import = 0
Number of asset objects unloaded after import = 0
========================================================================
Received Import Request.
  Time since last request: 0.040366 seconds.
  path: 
  artifactKey: Guid(3946fb44f471d4708a5352d8c438fe4c) Importer(815301076,1909f56bfc062723c751e8b465ee728b)
Start importing  using Guid(3946fb44f471d4708a5352d8c438fe4c) Importer(815301076,1909f56bfc062723c751e8b465ee728b)  -> (artifact id: '00000000000000000000000000000000') in 0.000056 seconds
Import Error Code:(3)
Message: Unknown asset with GUID '3946fb44f471d4708a5352d8c438fe4c'
  ERROR: Unknown asset with GUID '3946fb44f471d4708a5352d8c438fe4c'
Number of updated asset objects reloaded before import = 0
Number of asset objects unloaded after import = 0
========================================================================
Received Import Request.
  Time since last request: 0.000460 seconds.
  path: 
  artifactKey: Guid(316d930652a71462aafe7443e836c961) Importer(815301076,1909f56bfc062723c751e8b465ee728b)
Start importing  using Guid(316d930652a71462aafe7443e836c961) Importer(815301076,1909f56bfc062723c751e8b465ee728b)  -> (artifact id: '00000000000000000000000000000000') in 0.000045 seconds
Import Error Code:(3)
Message: Unknown asset with GUID '316d930652a71462aafe7443e836c961'
  ERROR: Unknown asset with GUID '316d930652a71462aafe7443e836c961'
Number of updated asset objects reloaded before import = 0
Number of asset objects unloaded after import = 0
========================================================================
Received Import Request.
  Time since last request: 0.000274 seconds.
  path: 
  artifactKey: Guid(674ba9c039f454342928cf218adb93f7) Importer(815301076,1909f56bfc062723c751e8b465ee728b)
Start importing  using Guid(674ba9c039f454342928cf218adb93f7) Importer(815301076,1909f56bfc062723c751e8b465ee728b)  -> (artifact id: '00000000000000000000000000000000') in 0.000056 seconds
Import Error Code:(3)
Message: Unknown asset with GUID '674ba9c039f454342928cf218adb93f7'
  ERROR: Unknown asset with GUID '674ba9c039f454342928cf218adb93f7'
Number of updated asset objects reloaded before import = 0
Number of asset objects unloaded after import = 0
========================================================================
Received Import Request.
  Time since last request: 0.040637 seconds.
  path: 
  artifactKey: Guid(3946fb44f471d4708a5352d8c438fe4c) Importer(815301076,1909f56bfc062723c751e8b465ee728b)
Start importing  using Guid(3946fb44f471d4708a5352d8c438fe4c) Importer(815301076,1909f56bfc062723c751e8b465ee728b)  -> (artifact id: '00000000000000000000000000000000') in 0.000053 seconds
Import Error Code:(3)
Message: Unknown asset with GUID '3946fb44f471d4708a5352d8c438fe4c'
  ERROR: Unknown asset with GUID '3946fb44f471d4708a5352d8c438fe4c'
Number of updated asset objects reloaded before import = 0
Number of asset objects unloaded after import = 0
========================================================================
Received Import Request.
  Time since last request: 0.000304 seconds.
  path: 
  artifactKey: Guid(316d930652a71462aafe7443e836c961) Importer(815301076,1909f56bfc062723c751e8b465ee728b)
Start importing  using Guid(316d930652a71462aafe7443e836c961) Importer(815301076,1909f56bfc062723c751e8b465ee728b)  -> (artifact id: '00000000000000000000000000000000') in 0.000041 seconds
Import Error Code:(3)
Message: Unknown asset with GUID '316d930652a71462aafe7443e836c961'
  ERROR: Unknown asset with GUID '316d930652a71462aafe7443e836c961'
Number of updated asset objects reloaded before import = 0
Number of asset objects unloaded after import = 0
========================================================================
Received Import Request.
  Time since last request: 0.000190 seconds.
  path: 
  artifactKey: Guid(674ba9c039f454342928cf218adb93f7) Importer(815301076,1909f56bfc062723c751e8b465ee728b)
Start importing  using Guid(674ba9c039f454342928cf218adb93f7) Importer(815301076,1909f56bfc062723c751e8b465ee728b)  -> (artifact id: '00000000000000000000000000000000') in 0.000054 seconds
Import Error Code:(3)
Message: Unknown asset with GUID '674ba9c039f454342928cf218adb93f7'
  ERROR: Unknown asset with GUID '674ba9c039f454342928cf218adb93f7'
Number of updated asset objects reloaded before import = 0
Number of asset objects unloaded after import = 0
========================================================================
Received Import Request.
  Time since last request: 0.039506 seconds.
  path: 
  artifactKey: Guid(3946fb44f471d4708a5352d8c438fe4c) Importer(815301076,1909f56bfc062723c751e8b465ee728b)
Start importing  using Guid(3946fb44f471d4708a5352d8c438fe4c) Importer(815301076,1909f56bfc062723c751e8b465ee728b)  -> (artifact id: '00000000000000000000000000000000') in 0.000048 seconds
Import Error Code:(3)
Message: Unknown asset with GUID '3946fb44f471d4708a5352d8c438fe4c'
  ERROR: Unknown asset with GUID '3946fb44f471d4708a5352d8c438fe4c'
Number of updated asset objects reloaded before import = 0
Number of asset objects unloaded after import = 0
========================================================================
Received Import Request.
  Time since last request: 0.000368 seconds.
  path: 
  artifactKey: Guid(44a86749c1b5a4c29809ca122f9e0851) Importer(815301076,1909f56bfc062723c751e8b465ee728b)
Start importing  using Guid(44a86749c1b5a4c29809ca122f9e0851) Importer(815301076,1909f56bfc062723c751e8b465ee728b)  -> (artifact id: '00000000000000000000000000000000') in 0.000051 seconds
Import Error Code:(3)
Message: Unknown asset with GUID '44a86749c1b5a4c29809ca122f9e0851'
  ERROR: Unknown asset with GUID '44a86749c1b5a4c29809ca122f9e0851'
Number of updated asset objects reloaded before import = 0
Number of asset objects unloaded after import = 0
========================================================================
Received Import Request.
  Time since last request: 0.000206 seconds.
  path: 
  artifactKey: Guid(b138211d183c6414cbfb2e7c33c73d2b) Importer(815301076,1909f56bfc062723c751e8b465ee728b)
Start importing  using Guid(b138211d183c6414cbfb2e7c33c73d2b) Importer(815301076,1909f56bfc062723c751e8b465ee728b)  -> (artifact id: '00000000000000000000000000000000') in 0.000044 seconds
Import Error Code:(3)
Message: Unknown asset with GUID 'b138211d183c6414cbfb2e7c33c73d2b'
  ERROR: Unknown asset with GUID 'b138211d183c6414cbfb2e7c33c73d2b'
Number of updated asset objects reloaded before import = 0
Number of asset objects unloaded after import = 0
========================================================================
Received Import Request.
  Time since last request: 0.040435 seconds.
  path: 
  artifactKey: Guid(3946fb44f471d4708a5352d8c438fe4c) Importer(815301076,1909f56bfc062723c751e8b465ee728b)
Start importing  using Guid(3946fb44f471d4708a5352d8c438fe4c) Importer(815301076,1909f56bfc062723c751e8b465ee728b)  -> (artifact id: '00000000000000000000000000000000') in 0.000063 seconds
Import Error Code:(3)
Message: Unknown asset with GUID '3946fb44f471d4708a5352d8c438fe4c'
  ERROR: Unknown asset with GUID '3946fb44f471d4708a5352d8c438fe4c'
Number of updated asset objects reloaded before import = 0
Number of asset objects unloaded after import = 0
========================================================================
Received Import Request.
  Time since last request: 0.000245 seconds.
  path: 
  artifactKey: Guid(44a86749c1b5a4c29809ca122f9e0851) Importer(815301076,1909f56bfc062723c751e8b465ee728b)
Start importing  using Guid(44a86749c1b5a4c29809ca122f9e0851) Importer(815301076,1909f56bfc062723c751e8b465ee728b)  -> (artifact id: '00000000000000000000000000000000') in 0.000050 seconds
Import Error Code:(3)
Message: Unknown asset with GUID '44a86749c1b5a4c29809ca122f9e0851'
  ERROR: Unknown asset with GUID '44a86749c1b5a4c29809ca122f9e0851'
Number of updated asset objects reloaded before import = 0
Number of asset objects unloaded after import = 0
========================================================================
Received Import Request.
  Time since last request: 0.000219 seconds.
  path: 
  artifactKey: Guid(b138211d183c6414cbfb2e7c33c73d2b) Importer(815301076,1909f56bfc062723c751e8b465ee728b)
Start importing  using Guid(b138211d183c6414cbfb2e7c33c73d2b) Importer(815301076,1909f56bfc062723c751e8b465ee728b)  -> (artifact id: '00000000000000000000000000000000') in 0.000045 seconds
Import Error Code:(3)
Message: Unknown asset with GUID 'b138211d183c6414cbfb2e7c33c73d2b'
  ERROR: Unknown asset with GUID 'b138211d183c6414cbfb2e7c33c73d2b'
Number of updated asset objects reloaded before import = 0
Number of asset objects unloaded after import = 0
========================================================================
Received Import Request.
  Time since last request: 0.041153 seconds.
  path: 
  artifactKey: Guid(3946fb44f471d4708a5352d8c438fe4c) Importer(815301076,1909f56bfc062723c751e8b465ee728b)
Start importing  using Guid(3946fb44f471d4708a5352d8c438fe4c) Importer(815301076,1909f56bfc062723c751e8b465ee728b)  -> (artifact id: '00000000000000000000000000000000') in 0.000050 seconds
Import Error Code:(3)
Message: Unknown asset with GUID '3946fb44f471d4708a5352d8c438fe4c'
  ERROR: Unknown asset with GUID '3946fb44f471d4708a5352d8c438fe4c'
Number of updated asset objects reloaded before import = 0
Number of asset objects unloaded after import = 0
========================================================================
Received Import Request.
  Time since last request: 0.000258 seconds.
  path: 
  artifactKey: Guid(316d930652a71462aafe7443e836c961) Importer(815301076,1909f56bfc062723c751e8b465ee728b)
Start importing  using Guid(316d930652a71462aafe7443e836c961) Importer(815301076,1909f56bfc062723c751e8b465ee728b)  -> (artifact id: '00000000000000000000000000000000') in 0.000046 seconds
Import Error Code:(3)
Message: Unknown asset with GUID '316d930652a71462aafe7443e836c961'
  ERROR: Unknown asset with GUID '316d930652a71462aafe7443e836c961'
Number of updated asset objects reloaded before import = 0
Number of asset objects unloaded after import = 0
========================================================================
Received Import Request.
  Time since last request: 0.000270 seconds.
  path: 
  artifactKey: Guid(674ba9c039f454342928cf218adb93f7) Importer(815301076,1909f56bfc062723c751e8b465ee728b)
Start importing  using Guid(674ba9c039f454342928cf218adb93f7) Importer(815301076,1909f56bfc062723c751e8b465ee728b)  -> (artifact id: '00000000000000000000000000000000') in 0.000042 seconds
Import Error Code:(3)
Message: Unknown asset with GUID '674ba9c039f454342928cf218adb93f7'
  ERROR: Unknown asset with GUID '674ba9c039f454342928cf218adb93f7'
Number of updated asset objects reloaded before import = 0
Number of asset objects unloaded after import = 0
========================================================================
Received Import Request.
  Time since last request: 0.039830 seconds.
  path: 
  artifactKey: Guid(3946fb44f471d4708a5352d8c438fe4c) Importer(815301076,1909f56bfc062723c751e8b465ee728b)
Start importing  using Guid(3946fb44f471d4708a5352d8c438fe4c) Importer(815301076,1909f56bfc062723c751e8b465ee728b)  -> (artifact id: '00000000000000000000000000000000') in 0.000065 seconds
Import Error Code:(3)
Message: Unknown asset with GUID '3946fb44f471d4708a5352d8c438fe4c'
  ERROR: Unknown asset with GUID '3946fb44f471d4708a5352d8c438fe4c'
Number of updated asset objects reloaded before import = 0
Number of asset objects unloaded after import = 0
========================================================================
Received Import Request.
  Time since last request: 0.000333 seconds.
  path: 
  artifactKey: Guid(316d930652a71462aafe7443e836c961) Importer(815301076,1909f56bfc062723c751e8b465ee728b)
Start importing  using Guid(316d930652a71462aafe7443e836c961) Importer(815301076,1909f56bfc062723c751e8b465ee728b)  -> (artifact id: '00000000000000000000000000000000') in 0.000052 seconds
Import Error Code:(3)
Message: Unknown asset with GUID '316d930652a71462aafe7443e836c961'
  ERROR: Unknown asset with GUID '316d930652a71462aafe7443e836c961'
Number of updated asset objects reloaded before import = 0
Number of asset objects unloaded after import = 0
========================================================================
Received Import Request.
  Time since last request: 0.000289 seconds.
  path: 
  artifactKey: Guid(674ba9c039f454342928cf218adb93f7) Importer(815301076,1909f56bfc062723c751e8b465ee728b)
Start importing  using Guid(674ba9c039f454342928cf218adb93f7) Importer(815301076,1909f56bfc062723c751e8b465ee728b)  -> (artifact id: '00000000000000000000000000000000') in 0.000060 seconds
Import Error Code:(3)
Message: Unknown asset with GUID '674ba9c039f454342928cf218adb93f7'
  ERROR: Unknown asset with GUID '674ba9c039f454342928cf218adb93f7'
Number of updated asset objects reloaded before import = 0
Number of asset objects unloaded after import = 0
========================================================================
Received Import Request.
  Time since last request: 0.042623 seconds.
  path: 
  artifactKey: Guid(3946fb44f471d4708a5352d8c438fe4c) Importer(815301076,1909f56bfc062723c751e8b465ee728b)
Start importing  using Guid(3946fb44f471d4708a5352d8c438fe4c) Importer(815301076,1909f56bfc062723c751e8b465ee728b)  -> (artifact id: '00000000000000000000000000000000') in 0.000061 seconds
Import Error Code:(3)
Message: Unknown asset with GUID '3946fb44f471d4708a5352d8c438fe4c'
  ERROR: Unknown asset with GUID '3946fb44f471d4708a5352d8c438fe4c'
Number of updated asset objects reloaded before import = 0
Number of asset objects unloaded after import = 0
========================================================================
Received Import Request.
  Time since last request: 0.000348 seconds.
  path: 
  artifactKey: Guid(316d930652a71462aafe7443e836c961) Importer(815301076,1909f56bfc062723c751e8b465ee728b)
Start importing  using Guid(316d930652a71462aafe7443e836c961) Importer(815301076,1909f56bfc062723c751e8b465ee728b)  -> (artifact id: '00000000000000000000000000000000') in 0.000055 seconds
Import Error Code:(3)
Message: Unknown asset with GUID '316d930652a71462aafe7443e836c961'
  ERROR: Unknown asset with GUID '316d930652a71462aafe7443e836c961'
Number of updated asset objects reloaded before import = 0
Number of asset objects unloaded after import = 0
========================================================================
Received Import Request.
  Time since last request: 0.000168 seconds.
  path: 
  artifactKey: Guid(674ba9c039f454342928cf218adb93f7) Importer(815301076,1909f56bfc062723c751e8b465ee728b)
Start importing  using Guid(674ba9c039f454342928cf218adb93f7) Importer(815301076,1909f56bfc062723c751e8b465ee728b)  -> (artifact id: '00000000000000000000000000000000') in 0.000056 seconds
Import Error Code:(3)
Message: Unknown asset with GUID '674ba9c039f454342928cf218adb93f7'
  ERROR: Unknown asset with GUID '674ba9c039f454342928cf218adb93f7'
Number of updated asset objects reloaded before import = 0
Number of asset objects unloaded after import = 0
Editor requested this worker to shutdown with reason: Scaling down because of idle timeout
TcpMessagingSession - receive error: operation aborted. errorcode: 89, details: Operation aborted.
AssetImportWorker is now disconnected from the server
Process exiting
